#
# There is insufficient memory for the Java Runtime Environment to continue.
# Native memory allocation (mmap) failed to map 83886080 bytes for committing reserved memory.
# Possible reasons:
#   The system is out of physical RAM or swap space
#   In 32 bit mode, the process size limit was hit
# Possible solutions:
#   Reduce memory load on the system
#   Increase physical memory or swap space
#   Check if swap backing store is full
#   Use 64 bit Java on a 64 bit OS
#   Decrease Java heap size (-Xmx/-Xms)
#   Decrease number of Java threads
#   Decrease Java thread stack sizes (-Xss)
#   Set larger code cache with -XX:ReservedCodeCacheSize=
# This output file may be truncated or incomplete.
#
#  Out of Memory Error (os_linux.cpp:2743), pid=6896, tid=0x00007f2fbc516700
#
# JRE version: Java(TM) SE Runtime Environment (8.0_191-b12) (build 1.8.0_191-b12)
# Java VM: Java HotSpot(TM) 64-Bit Server VM (25.191-b12 mixed mode linux-amd64 compressed oops)
# Failed to write core dump. Core dumps have been disabled. To enable core dumping, try "ulimit -c unlimited" before starting Java again
#

---------------  T H R E A D  ---------------

Current thread (0x00007f2fd407e000):  VMThread [stack: 0x00007f2fbc417000,0x00007f2fbc517000] [id=6918]

Stack: [0x00007f2fbc417000,0x00007f2fbc517000],  sp=0x00007f2fbc515430,  free space=1017k
Native frames: (J=compiled Java code, j=interpreted, Vv=VM code, C=native code)
V  [libjvm.so+0xace425]  VMError::report_and_die()+0x2c5
V  [libjvm.so+0x4deb77]  report_vm_out_of_memory(char const*, int, unsigned long, VMErrorType, char const*)+0x67
V  [libjvm.so+0x90c570]  os::pd_commit_memory(char*, unsigned long, unsigned long, bool)+0x100
V  [libjvm.so+0x903eaf]  os::commit_memory(char*, unsigned long, unsigned long, bool)+0x1f
V  [libjvm.so+0x988346]  PSVirtualSpace::expand_by(unsigned long)+0x56
V  [libjvm.so+0x9895d8]  PSYoungGen::resize(unsigned long, unsigned long)+0xd8
V  [libjvm.so+0x985d66]  PSScavenge::invoke_no_policy()+0x1356
V  [libjvm.so+0x98610c]  PSScavenge::invoke()+0x4c
V  [libjvm.so+0x935fb8]  ParallelScavengeHeap::failed_mem_allocate(unsigned long)+0x68
V  [libjvm.so+0xacff53]  VM_ParallelGCFailedAllocation::doit()+0x93
V  [libjvm.so+0xad50f6]  VM_Operation::evaluate()+0x46
V  [libjvm.so+0xad347d]  VMThread::evaluate_operation(VM_Operation*) [clone .constprop.44]+0xcd
V  [libjvm.so+0xad3a3b]  VMThread::loop()+0x37b
V  [libjvm.so+0xad3de8]  VMThread::run()+0x78
V  [libjvm.so+0x909c92]  java_start(Thread*)+0x102

VM_Operation (0x00007f2fb4f3edc0): ParallelGCFailedAllocation, mode: safepoint, requested by thread 0x00007f2f78009000


---------------  P R O C E S S  ---------------

Java Threads: ( => current thread )
  0x00007f2f7cbb6000 JavaThread "org.apache.hadoop.fs.FileSystem$Statistics$StatisticsDataReferenceCleaner" daemon [_thread_blocked, id=6987, stack(0x00007f2f4d7c8000,0x00007f2f4d8c9000)]
  0x00007f2f7ca80000 JavaThread "spark-listener-group-streams" daemon [_thread_blocked, id=6986, stack(0x00007f2f4dac9000,0x00007f2f4dbca000)]
  0x00007f2f8c012000 JavaThread "element-tracking-store-worker" daemon [_thread_blocked, id=6967, stack(0x00007f2f4e1ca000,0x00007f2f4e2cb000)]
  0x00007f2f7ca0f000 JavaThread "spark-listener-group-executorManagement" daemon [_thread_blocked, id=6965, stack(0x00007f2f4e2cb000,0x00007f2f4e3cc000)]
  0x00007f2f7ca0d000 JavaThread "spark-listener-group-appStatus" daemon [_thread_blocked, id=6964, stack(0x00007f2f4e3cc000,0x00007f2f4e4cd000)]
  0x00007f2f7ca07800 JavaThread "context-cleaner-periodic-gc" daemon [_thread_blocked, id=6963, stack(0x00007f2f4e4cd000,0x00007f2f4e5ce000)]
  0x00007f2f7ca06000 JavaThread "Spark Context Cleaner" daemon [_thread_blocked, id=6962, stack(0x00007f2f4e5ce000,0x00007f2f4e6cf000)]
  0x00007f2f7c690000 JavaThread "shuffle-server-5-1" daemon [_thread_blocked, id=6961, stack(0x00007f2f4e6cf000,0x00007f2f4e7d0000)]
  0x00007f2f7c611800 JavaThread "driver-heartbeater" daemon [_thread_blocked, id=6960, stack(0x00007f2f4e7d0000,0x00007f2f4e8d1000)]
  0x00007f2f7c607800 JavaThread "dag-scheduler-event-loop" daemon [_thread_blocked, id=6959, stack(0x00007f2f4e8d1000,0x00007f2f4e9d2000)]
  0x00007f2f6c00b800 JavaThread "netty-rpc-env-timeout" daemon [_thread_blocked, id=6958, stack(0x00007f2f4e9d2000,0x00007f2f4ead3000)]
  0x00007f2f7c5e2000 JavaThread "Timer-0" daemon [_thread_blocked, id=6957, stack(0x00007f2f4ead3000,0x00007f2f4ebd4000)]
  0x00007f2f74002000 JavaThread "heartbeat-receiver-event-loop-thread" daemon [_thread_blocked, id=6956, stack(0x00007f2f4edf2000,0x00007f2f4eef3000)]
  0x00007f2f7c4c4800 JavaThread "SparkUI-39" daemon [_thread_blocked, id=6955, stack(0x00007f2f4f0f3000,0x00007f2f4f1f4000)]
  0x00007f2f7c4c2800 JavaThread "SparkUI-38" daemon [_thread_blocked, id=6954, stack(0x00007f2f4f1f4000,0x00007f2f4f2f5000)]
  0x00007f2f7c4c1000 JavaThread "SparkUI-37" daemon [_thread_blocked, id=6953, stack(0x00007f2f4f2f5000,0x00007f2f4f3f6000)]
  0x00007f2f7c4bf000 JavaThread "SparkUI-36" daemon [_thread_blocked, id=6952, stack(0x00007f2f4f3f6000,0x00007f2f4f4f7000)]
  0x00007f2f7c4bd800 JavaThread "SparkUI-35" daemon [_thread_blocked, id=6951, stack(0x00007f2f4f4f7000,0x00007f2f4f5f8000)]
  0x00007f2f7c4bb800 JavaThread "SparkUI-34-acceptor-0@7c72aeec-Spark@72b54f12{HTTP/1.1,[http/1.1]}{0.0.0.0:4040}" daemon [_thread_in_native, id=6950, stack(0x00007f2f4f5f8000,0x00007f2f4f6f9000)]
  0x00007f2f7c4ba000 JavaThread "SparkUI-33" daemon [_thread_in_native, id=6949, stack(0x00007f2f4f6f9000,0x00007f2f4f7fa000)]
  0x00007f2f7c4b4000 JavaThread "SparkUI-32" daemon [_thread_in_native, id=6948, stack(0x00007f2f4f7fa000,0x00007f2f4f8fb000)]
  0x00007f2f7c2e8000 JavaThread "refresh progress" daemon [_thread_blocked, id=6947, stack(0x00007f2f4fafb000,0x00007f2f4fbfc000)]
  0x00007f2f7c2da800 JavaThread "RemoteBlock-temp-file-clean-thread" daemon [_thread_blocked, id=6946, stack(0x00007f2f4fbfc000,0x00007f2f4fcfd000)]
  0x00007f2f7c28f800 JavaThread "map-output-dispatcher-7" daemon [_thread_blocked, id=6945, stack(0x00007f2f4fcfd000,0x00007f2f4fdfe000)]
  0x00007f2f7c28e000 JavaThread "map-output-dispatcher-6" daemon [_thread_blocked, id=6944, stack(0x00007f2f4fdfe000,0x00007f2f4feff000)]
  0x00007f2f7c28c000 JavaThread "map-output-dispatcher-5" daemon [_thread_blocked, id=6943, stack(0x00007f2f4feff000,0x00007f2f50000000)]
  0x00007f2f7c28a800 JavaThread "map-output-dispatcher-4" daemon [_thread_blocked, id=6942, stack(0x00007f2fb4039000,0x00007f2fb413a000)]
  0x00007f2f7c289000 JavaThread "map-output-dispatcher-3" daemon [_thread_blocked, id=6941, stack(0x00007f2fb413a000,0x00007f2fb423b000)]
  0x00007f2f7c287000 JavaThread "map-output-dispatcher-2" daemon [_thread_blocked, id=6940, stack(0x00007f2fb423b000,0x00007f2fb433c000)]
  0x00007f2f7c285000 JavaThread "map-output-dispatcher-1" daemon [_thread_blocked, id=6939, stack(0x00007f2fb433c000,0x00007f2fb443d000)]
  0x00007f2f7c27e800 JavaThread "map-output-dispatcher-0" daemon [_thread_blocked, id=6938, stack(0x00007f2fb443d000,0x00007f2fb453e000)]
  0x00007f2f7c24d000 JavaThread "rpc-server-3-1" daemon [_thread_in_native, id=6937, stack(0x00007f2fb453e000,0x00007f2fb463f000)]
  0x00007f2f7c10c800 JavaThread "dispatcher-event-loop-3" daemon [_thread_blocked, id=6936, stack(0x00007f2fb483f000,0x00007f2fb4940000)]
  0x00007f2f7c10a800 JavaThread "dispatcher-event-loop-2" daemon [_thread_blocked, id=6935, stack(0x00007f2fb4940000,0x00007f2fb4a41000)]
  0x00007f2f7c109000 JavaThread "dispatcher-event-loop-1" daemon [_thread_blocked, id=6934, stack(0x00007f2fb4a41000,0x00007f2fb4b42000)]
  0x00007f2f7c108000 JavaThread "dispatcher-event-loop-0" daemon [_thread_blocked, id=6933, stack(0x00007f2fb4b42000,0x00007f2fb4c43000)]
  0x00007f2f78009000 JavaThread "Thread-4" [_thread_blocked, id=6932, stack(0x00007f2fb4e43000,0x00007f2fb4f44000)]
  0x00007f2fd51ac000 JavaThread "Thread-3" [_thread_in_native, id=6931, stack(0x00007f2fb5156000,0x00007f2fb5257000)]
  0x00007f2fd519a000 JavaThread "pool-1-thread-1" [_thread_blocked, id=6930, stack(0x00007f2fb5659000,0x00007f2fb575a000)]
  0x00007f2fd40cf800 JavaThread "Service Thread" daemon [_thread_blocked, id=6925, stack(0x00007f2fb789c000,0x00007f2fb799d000)]
  0x00007f2fd40c4800 JavaThread "C1 CompilerThread2" daemon [_thread_blocked, id=6924, stack(0x00007f2fb799e000,0x00007f2fb7a9e000)]
  0x00007f2fd40c2800 JavaThread "C2 CompilerThread1" daemon [_thread_blocked, id=6923, stack(0x00007f2fb7a9f000,0x00007f2fb7b9f000)]
  0x00007f2fd40bf800 JavaThread "C2 CompilerThread0" daemon [_thread_blocked, id=6922, stack(0x00007f2fbc013000,0x00007f2fbc113000)]
  0x00007f2fd40be000 JavaThread "Signal Dispatcher" daemon [_thread_blocked, id=6921, stack(0x00007f2fbc113000,0x00007f2fbc214000)]
  0x00007f2fd408a000 JavaThread "Finalizer" daemon [_thread_blocked, id=6920, stack(0x00007f2fbc214000,0x00007f2fbc315000)]
  0x00007f2fd4087800 JavaThread "Reference Handler" daemon [_thread_blocked, id=6919, stack(0x00007f2fbc315000,0x00007f2fbc416000)]
  0x00007f2fd400f800 JavaThread "main" [_thread_in_native, id=6913, stack(0x00007f2fdabc0000,0x00007f2fdacc0000)]

Other Threads:
=>0x00007f2fd407e000 VMThread [stack: 0x00007f2fbc417000,0x00007f2fbc517000] [id=6918]
  0x00007f2fd40d4800 WatcherThread [stack: 0x00007f2fb779c000,0x00007f2fb789c000] [id=6926]

VM state:at safepoint (normal execution)

VM Mutex/Monitor currently owned by a thread:  ([mutex/lock_event])
[0x00007f2fd400c1e0] Threads_lock - owner thread: 0x00007f2fd407e000
[0x00007f2fd400c6e0] Heap_lock - owner thread: 0x00007f2f78009000

Heap:
 PSYoungGen      total 186880K, used 8761K [0x00000000eab00000, 0x00000000f6c00000, 0x0000000100000000)
  eden space 176128K, 0% used [0x00000000eab00000,0x00000000eab00000,0x00000000f5700000)
  from space 10752K, 81% used [0x00000000f5700000,0x00000000f5f8e580,0x00000000f6180000)
  to   space 8704K, 0% used [0x00000000f6380000,0x00000000f6380000,0x00000000f6c00000)
 ParOldGen       total 40448K, used 13324K [0x00000000c0000000, 0x00000000c2780000, 0x00000000eab00000)
  object space 40448K, 32% used [0x00000000c0000000,0x00000000c0d031a0,0x00000000c2780000)
 Metaspace       used 41903K, capacity 42180K, committed 42496K, reserved 1085440K
  class space    used 6016K, capacity 6109K, committed 6144K, reserved 1048576K

Card table byte_map: [0x00007f2fc4611000,0x00007f2fc4812000] byte_map_base: 0x00007f2fc4011000

Marking Bits: (ParMarkBitMap*) 0x00007f2fda06ed40
 Begin Bits: [0x00007f2fbe000000, 0x00007f2fbf000000)
 End Bits:   [0x00007f2fbf000000, 0x00007f2fc0000000)

Polling page: 0x00007f2fdacde000

CodeCache: size=245760Kb used=7584Kb max_used=7584Kb free=238175Kb
 bounds [0x00007f2fc4bd2000, 0x00007f2fc5352000, 0x00007f2fd3bd2000]
 total_blobs=2842 nmethods=2335 adapters=419
 compilation: enabled

Compilation events (10 events):
Event: 123,173 Thread 0x00007f2fd40c4800 2505       3       org.apache.xerces.parsers.XML11Configuration::addCommonComponent (27 bytes)
Event: 123,174 Thread 0x00007f2fd40c4800 nmethod 2505 0x00007f2fc4e28250 code [0x00007f2fc4e28440, 0x00007f2fc4e28c48]
Event: 123,174 Thread 0x00007f2fd40c4800 2506       3       org.apache.xerces.impl.XMLErrorReporter::putMessageFormatter (11 bytes)
Event: 123,174 Thread 0x00007f2fd40c4800 nmethod 2506 0x00007f2fc4d858d0 code [0x00007f2fc4d85a40, 0x00007f2fc4d85c68]
Event: 123,174 Thread 0x00007f2fd40c4800 2507       3       org.apache.xerces.util.NamespaceSupport::<init> (31 bytes)
Event: 123,175 Thread 0x00007f2fd40c4800 nmethod 2507 0x00007f2fc4e27c50 code [0x00007f2fc4e27dc0, 0x00007f2fc4e28150]
Event: 123,175 Thread 0x00007f2fd40c4800 2503       3       sun.net.www.protocol.jar.JarURLConnection::<init> (33 bytes)
Event: 123,175 Thread 0x00007f2fd40c4800 nmethod 2503 0x00007f2fc4e27390 code [0x00007f2fc4e27540, 0x00007f2fc4e27a88]
Event: 123,175 Thread 0x00007f2fd40c4800 2504       3       sun.net.www.protocol.jar.JarURLConnection::getInputStream (97 bytes)
Event: 123,177 Thread 0x00007f2fd40c4800 nmethod 2504 0x00007f2fc5341c90 code [0x00007f2fc5341f00, 0x00007f2fc5342e48]

GC Heap History (10 events):
Event: 2,645 GC heap after
Heap after GC invocations=8 (full 0):
 PSYoungGen      total 131584K, used 2678K [0x00000000eab00000, 0x00000000f3200000, 0x0000000100000000)
  eden space 124928K, 0% used [0x00000000eab00000,0x00000000eab00000,0x00000000f2500000)
  from space 6656K, 40% used [0x00000000f2b80000,0x00000000f2e1dbe8,0x00000000f3200000)
  to   space 6656K, 0% used [0x00000000f2500000,0x00000000f2500000,0x00000000f2b80000)
 ParOldGen       total 42496K, used 4950K [0x00000000c0000000, 0x00000000c2980000, 0x00000000eab00000)
  object space 42496K, 11% used [0x00000000c0000000,0x00000000c04d5900,0x00000000c2980000)
 Metaspace       used 20891K, capacity 21046K, committed 21296K, reserved 1067008K
  class space    used 3026K, capacity 3109K, committed 3200K, reserved 1048576K
}
Event: 2,645 GC heap before
{Heap before GC invocations=9 (full 1):
 PSYoungGen      total 131584K, used 2678K [0x00000000eab00000, 0x00000000f3200000, 0x0000000100000000)
  eden space 124928K, 0% used [0x00000000eab00000,0x00000000eab00000,0x00000000f2500000)
  from space 6656K, 40% used [0x00000000f2b80000,0x00000000f2e1dbe8,0x00000000f3200000)
  to   space 6656K, 0% used [0x00000000f2500000,0x00000000f2500000,0x00000000f2b80000)
 ParOldGen       total 42496K, used 4950K [0x00000000c0000000, 0x00000000c2980000, 0x00000000eab00000)
  object space 42496K, 11% used [0x00000000c0000000,0x00000000c04d5900,0x00000000c2980000)
 Metaspace       used 20891K, capacity 21046K, committed 21296K, reserved 1067008K
  class space    used 3026K, capacity 3109K, committed 3200K, reserved 1048576K
Event: 2,680 GC heap after
Heap after GC invocations=9 (full 1):
 PSYoungGen      total 131584K, used 0K [0x00000000eab00000, 0x00000000f3200000, 0x0000000100000000)
  eden space 124928K, 0% used [0x00000000eab00000,0x00000000eab00000,0x00000000f2500000)
  from space 6656K, 0% used [0x00000000f2b80000,0x00000000f2b80000,0x00000000f3200000)
  to   space 6656K, 0% used [0x00000000f2500000,0x00000000f2500000,0x00000000f2b80000)
 ParOldGen       total 26112K, used 4200K [0x00000000c0000000, 0x00000000c1980000, 0x00000000eab00000)
  object space 26112K, 16% used [0x00000000c0000000,0x00000000c041a3f0,0x00000000c1980000)
 Metaspace       used 20891K, capacity 21046K, committed 21296K, reserved 1067008K
  class space    used 3026K, capacity 3109K, committed 3200K, reserved 1048576K
}
Event: 4,485 GC heap before
{Heap before GC invocations=10 (full 1):
 PSYoungGen      total 131584K, used 124928K [0x00000000eab00000, 0x00000000f3200000, 0x0000000100000000)
  eden space 124928K, 100% used [0x00000000eab00000,0x00000000f2500000,0x00000000f2500000)
  from space 6656K, 0% used [0x00000000f2b80000,0x00000000f2b80000,0x00000000f3200000)
  to   space 6656K, 0% used [0x00000000f2500000,0x00000000f2500000,0x00000000f2b80000)
 ParOldGen       total 26112K, used 4200K [0x00000000c0000000, 0x00000000c1980000, 0x00000000eab00000)
  object space 26112K, 16% used [0x00000000c0000000,0x00000000c041a3f0,0x00000000c1980000)
 Metaspace       used 29695K, capacity 29916K, committed 30208K, reserved 1075200K
  class space    used 4233K, capacity 4308K, committed 4352K, reserved 1048576K
Event: 4,508 GC heap after
Heap after GC invocations=10 (full 1):
 PSYoungGen      total 131584K, used 6653K [0x00000000eab00000, 0x00000000f6c00000, 0x0000000100000000)
  eden space 124928K, 0% used [0x00000000eab00000,0x00000000eab00000,0x00000000f2500000)
  from space 6656K, 99% used [0x00000000f2500000,0x00000000f2b7f450,0x00000000f2b80000)
  to   space 8704K, 0% used [0x00000000f6380000,0x00000000f6380000,0x00000000f6c00000)
 ParOldGen       total 26112K, used 7600K [0x00000000c0000000, 0x00000000c1980000, 0x00000000eab00000)
  object space 26112K, 29% used [0x00000000c0000000,0x00000000c076c160,0x00000000c1980000)
 Metaspace       used 29695K, capacity 29916K, committed 30208K, reserved 1075200K
  class space    used 4233K, capacity 4308K, committed 4352K, reserved 1048576K
}
Event: 110,841 GC heap before
{Heap before GC invocations=11 (full 1):
 PSYoungGen      total 131584K, used 93325K [0x00000000eab00000, 0x00000000f6c00000, 0x0000000100000000)
  eden space 124928K, 69% used [0x00000000eab00000,0x00000000effa4310,0x00000000f2500000)
  from space 6656K, 99% used [0x00000000f2500000,0x00000000f2b7f450,0x00000000f2b80000)
  to   space 8704K, 0% used [0x00000000f6380000,0x00000000f6380000,0x00000000f6c00000)
 ParOldGen       total 26112K, used 7600K [0x00000000c0000000, 0x00000000c1980000, 0x00000000eab00000)
  object space 26112K, 29% used [0x00000000c0000000,0x00000000c076c160,0x00000000c1980000)
 Metaspace       used 34979K, capacity 35210K, committed 35496K, reserved 1079296K
  class space    used 4963K, capacity 5047K, committed 5120K, reserved 1048576K
Event: 110,854 GC heap after
Heap after GC invocations=11 (full 1):
 PSYoungGen      total 184832K, used 8697K [0x00000000eab00000, 0x00000000f6c00000, 0x0000000100000000)
  eden space 176128K, 0% used [0x00000000eab00000,0x00000000eab00000,0x00000000f5700000)
  from space 8704K, 99% used [0x00000000f6380000,0x00000000f6bfe640,0x00000000f6c00000)
  to   space 10752K, 0% used [0x00000000f5700000,0x00000000f5700000,0x00000000f6180000)
 ParOldGen       total 26112K, used 9114K [0x00000000c0000000, 0x00000000c1980000, 0x00000000eab00000)
  object space 26112K, 34% used [0x00000000c0000000,0x00000000c08e6a80,0x00000000c1980000)
 Metaspace       used 34979K, capacity 35210K, committed 35496K, reserved 1079296K
  class space    used 4963K, capacity 5047K, committed 5120K, reserved 1048576K
}
Event: 110,854 GC heap before
{Heap before GC invocations=12 (full 2):
 PSYoungGen      total 184832K, used 8697K [0x00000000eab00000, 0x00000000f6c00000, 0x0000000100000000)
  eden space 176128K, 0% used [0x00000000eab00000,0x00000000eab00000,0x00000000f5700000)
  from space 8704K, 99% used [0x00000000f6380000,0x00000000f6bfe640,0x00000000f6c00000)
  to   space 10752K, 0% used [0x00000000f5700000,0x00000000f5700000,0x00000000f6180000)
 ParOldGen       total 26112K, used 9114K [0x00000000c0000000, 0x00000000c1980000, 0x00000000eab00000)
  object space 26112K, 34% used [0x00000000c0000000,0x00000000c08e6a80,0x00000000c1980000)
 Metaspace       used 34979K, capacity 35210K, committed 35496K, reserved 1079296K
  class space    used 4963K, capacity 5047K, committed 5120K, reserved 1048576K
Event: 110,906 GC heap after
Heap after GC invocations=12 (full 2):
 PSYoungGen      total 184832K, used 0K [0x00000000eab00000, 0x00000000f6c00000, 0x0000000100000000)
  eden space 176128K, 0% used [0x00000000eab00000,0x00000000eab00000,0x00000000f5700000)
  from space 8704K, 0% used [0x00000000f6380000,0x00000000f6380000,0x00000000f6c00000)
  to   space 10752K, 0% used [0x00000000f5700000,0x00000000f5700000,0x00000000f6180000)
 ParOldGen       total 40448K, used 13316K [0x00000000c0000000, 0x00000000c2780000, 0x00000000eab00000)
  object space 40448K, 32% used [0x00000000c0000000,0x00000000c0d011a0,0x00000000c2780000)
 Metaspace       used 34979K, capacity 35210K, committed 35496K, reserved 1079296K
  class space    used 4963K, capacity 5047K, committed 5120K, reserved 1048576K
}
Event: 123,207 GC heap before
{Heap before GC invocations=13 (full 2):
 PSYoungGen      total 184832K, used 176128K [0x00000000eab00000, 0x00000000f6c00000, 0x0000000100000000)
  eden space 176128K, 100% used [0x00000000eab00000,0x00000000f5700000,0x00000000f5700000)
  from space 8704K, 0% used [0x00000000f6380000,0x00000000f6380000,0x00000000f6c00000)
  to   space 10752K, 0% used [0x00000000f5700000,0x00000000f5700000,0x00000000f6180000)
 ParOldGen       total 40448K, used 13316K [0x00000000c0000000, 0x00000000c2780000, 0x00000000eab00000)
  object space 40448K, 32% used [0x00000000c0000000,0x00000000c0d011a0,0x00000000c2780000)
 Metaspace       used 41903K, capacity 42180K, committed 42496K, reserved 1085440K
  class space    used 6016K, capacity 6109K, committed 6144K, reserved 1048576K

Deoptimization events (10 events):
Event: 122,388 Thread 0x00007f2f78009000 Uncommon trap: reason=array_check action=maybe_recompile pc=0x00007f2fc52e46d0 method=java.util.LinkedList.toArray([Ljava/lang/Object;)[Ljava/lang/Object; @ 55
Event: 122,388 Thread 0x00007f2f78009000 Uncommon trap: reason=array_check action=maybe_recompile pc=0x00007f2fc52e46d0 method=java.util.LinkedList.toArray([Ljava/lang/Object;)[Ljava/lang/Object; @ 55
Event: 122,388 Thread 0x00007f2f78009000 Uncommon trap: reason=array_check action=maybe_recompile pc=0x00007f2fc52e46d0 method=java.util.LinkedList.toArray([Ljava/lang/Object;)[Ljava/lang/Object; @ 55
Event: 122,602 Thread 0x00007f2f78009000 Uncommon trap: reason=unstable_if action=reinterpret pc=0x00007f2fc5259e84 method=java.util.WeakHashMap.put(Ljava/lang/Object;Ljava/lang/Object;)Ljava/lang/Object; @ 148
Event: 122,657 Thread 0x00007f2f78009000 Uncommon trap: reason=unstable_if action=reinterpret pc=0x00007f2fc4e772c4 method=sun.misc.MetaIndex.mayContain(Ljava/lang/String;)Z @ 38
Event: 123,126 Thread 0x00007f2f78009000 Uncommon trap: reason=bimorphic action=maybe_recompile pc=0x00007f2fc5223958 method=java.net.URL.<init>(Ljava/net/URL;Ljava/lang/String;Ljava/net/URLStreamHandler;)V @ 504
Event: 123,127 Thread 0x00007f2f78009000 Uncommon trap: reason=bimorphic action=maybe_recompile pc=0x00007f2fc5223958 method=java.net.URL.<init>(Ljava/net/URL;Ljava/lang/String;Ljava/net/URLStreamHandler;)V @ 504
Event: 123,132 Thread 0x00007f2f78009000 Uncommon trap: reason=bimorphic action=maybe_recompile pc=0x00007f2fc5223958 method=java.net.URL.<init>(Ljava/net/URL;Ljava/lang/String;Ljava/net/URLStreamHandler;)V @ 504
Event: 123,134 Thread 0x00007f2f78009000 Uncommon trap: reason=bimorphic action=maybe_recompile pc=0x00007f2fc5223958 method=java.net.URL.<init>(Ljava/net/URL;Ljava/lang/String;Ljava/net/URLStreamHandler;)V @ 504
Event: 123,159 Thread 0x00007f2f78009000 Uncommon trap: reason=bimorphic action=maybe_recompile pc=0x00007f2fc5223958 method=java.net.URL.<init>(Ljava/net/URL;Ljava/lang/String;Ljava/net/URLStreamHandler;)V @ 504

Classes redefined (0 events):
No events

Internal exceptions (10 events):
Event: 1,963 Thread 0x00007f2fd400f800 Exception <a 'java/io/FileNotFoundException'> (0x00000000eb2200f0) thrown at [/HUDSON/workspace/8-2-build-linux-amd64/jdk8u191/11894/hotspot/src/share/vm/prims/jni.cpp, line 709]
Event: 1,963 Thread 0x00007f2fd400f800 Exception <a 'java/security/PrivilegedActionException'> (0x00000000eb220740) thrown at [/HUDSON/workspace/8-2-build-linux-amd64/jdk8u191/11894/hotspot/src/share/vm/prims/jvm.cpp, line 1435]
Event: 1,963 Thread 0x00007f2fd400f800 Exception <a 'java/lang/reflect/InvocationTargetException'> (0x00000000eb222800) thrown at [/HUDSON/workspace/8-2-build-linux-amd64/jdk8u191/11894/hotspot/src/share/vm/runtime/reflection.cpp, line 1092]
Event: 2,527 Thread 0x00007f2f78009000 Exception <a 'java/lang/ArrayIndexOutOfBoundsException'> (0x00000000ee6067b8) thrown at [/HUDSON/workspace/8-2-build-linux-amd64/jdk8u191/11894/hotspot/src/share/vm/runtime/sharedRuntime.cpp, line 605]
Event: 2,527 Thread 0x00007f2f78009000 Exception <a 'java/lang/ArrayIndexOutOfBoundsException'> (0x00000000ee607c00) thrown at [/HUDSON/workspace/8-2-build-linux-amd64/jdk8u191/11894/hotspot/src/share/vm/runtime/sharedRuntime.cpp, line 605]
Event: 2,530 Thread 0x00007f2f78009000 Exception <a 'java/lang/ArrayIndexOutOfBoundsException'> (0x00000000ee62aa18) thrown at [/HUDSON/workspace/8-2-build-linux-amd64/jdk8u191/11894/hotspot/src/share/vm/runtime/sharedRuntime.cpp, line 605]
Event: 2,531 Thread 0x00007f2f78009000 Exception <a 'java/lang/ArrayIndexOutOfBoundsException'> (0x00000000ee62ba30) thrown at [/HUDSON/workspace/8-2-build-linux-amd64/jdk8u191/11894/hotspot/src/share/vm/runtime/sharedRuntime.cpp, line 605]
Event: 3,148 Thread 0x00007f2f78009000 Implicit null exception at 0x00007f2fc5041ac4 to 0x00007f2fc504302e
Event: 3,149 Thread 0x00007f2f78009000 Exception <a 'java/lang/NullPointerException'> (0x00000000ece01cf0) thrown at [/HUDSON/workspace/8-2-build-linux-amd64/jdk8u191/11894/hotspot/src/share/vm/runtime/sharedRuntime.cpp, line 605]
Event: 111,647 Thread 0x00007f2f78009000 Exception <a 'java/lang/reflect/InvocationTargetException'> (0x00000000ef9df800) thrown at [/HUDSON/workspace/8-2-build-linux-amd64/jdk8u191/11894/hotspot/src/share/vm/runtime/reflection.cpp, line 1092]

Events (10 events):
Event: 123,132 Thread 0x00007f2f78009000 Uncommon trap: trap_request=0xffffffc6 fr.pc=0x00007f2fc5223958
Event: 123,132 Thread 0x00007f2f78009000 DEOPT PACKING pc=0x00007f2fc5223958 sp=0x00007f2fb4f3e100
Event: 123,133 Thread 0x00007f2f78009000 DEOPT UNPACKING pc=0x00007f2fc4c1773a sp=0x00007f2fb4f3e098 mode 2
Event: 123,134 Thread 0x00007f2f78009000 Uncommon trap: trap_request=0xffffffc6 fr.pc=0x00007f2fc5223958
Event: 123,135 Thread 0x00007f2f78009000 DEOPT PACKING pc=0x00007f2fc5223958 sp=0x00007f2fb4f3e100
Event: 123,135 Thread 0x00007f2f78009000 DEOPT UNPACKING pc=0x00007f2fc4c1773a sp=0x00007f2fb4f3e098 mode 2
Event: 123,159 Thread 0x00007f2f78009000 Uncommon trap: trap_request=0xffffffc6 fr.pc=0x00007f2fc5223958
Event: 123,159 Thread 0x00007f2f78009000 DEOPT PACKING pc=0x00007f2fc5223958 sp=0x00007f2fb4f3f940
Event: 123,159 Thread 0x00007f2f78009000 DEOPT UNPACKING pc=0x00007f2fc4c1773a sp=0x00007f2fb4f3f8d8 mode 2
Event: 123,205 Executing VM operation: ParallelGCFailedAllocation


Dynamic libraries:
00400000-00401000 r-xp 00000000 08:02 6033265                            /usr/lib/jvm/java-8-oracle/bin/java
00600000-00601000 r--p 00000000 08:02 6033265                            /usr/lib/jvm/java-8-oracle/bin/java
00601000-00602000 rw-p 00001000 08:02 6033265                            /usr/lib/jvm/java-8-oracle/bin/java
01fac000-01fcd000 rw-p 00000000 00:00 0                                  [heap]
c0000000-c2780000 rw-p 00000000 00:00 0 
c2780000-eab00000 ---p 00000000 00:00 0 
eab00000-f6c00000 rw-p 00000000 00:00 0 
fbc00000-100000000 ---p 00000000 00:00 0 
100000000-100600000 rw-p 00000000 00:00 0 
100600000-140000000 ---p 00000000 00:00 0 
7f2f40000000-7f2f40021000 rw-p 00000000 00:00 0 
7f2f40021000-7f2f44000000 ---p 00000000 00:00 0 
7f2f44000000-7f2f44021000 rw-p 00000000 00:00 0 
7f2f44021000-7f2f48000000 ---p 00000000 00:00 0 
7f2f48000000-7f2f48021000 rw-p 00000000 00:00 0 
7f2f48021000-7f2f4c000000 ---p 00000000 00:00 0 
7f2f4d5c8000-7f2f4d748000 rw-p 00000000 00:00 0 
7f2f4d748000-7f2f4d7c8000 ---p 00000000 00:00 0 
7f2f4d7c8000-7f2f4d7cb000 ---p 00000000 00:00 0 
7f2f4d7cb000-7f2f4dac9000 rw-p 00000000 00:00 0 
7f2f4dac9000-7f2f4dacc000 ---p 00000000 00:00 0 
7f2f4dacc000-7f2f4ddca000 rw-p 00000000 00:00 0 
7f2f4ddca000-7f2f4dfca000 rw-p 00000000 00:00 0 
7f2f4dfca000-7f2f4e1ca000 rw-p 00000000 00:00 0 
7f2f4e1ca000-7f2f4e1cd000 ---p 00000000 00:00 0 
7f2f4e1cd000-7f2f4e2cb000 rw-p 00000000 00:00 0 
7f2f4e2cb000-7f2f4e2ce000 ---p 00000000 00:00 0 
7f2f4e2ce000-7f2f4e3cc000 rw-p 00000000 00:00 0 
7f2f4e3cc000-7f2f4e3cf000 ---p 00000000 00:00 0 
7f2f4e3cf000-7f2f4e4cd000 rw-p 00000000 00:00 0 
7f2f4e4cd000-7f2f4e4d0000 ---p 00000000 00:00 0 
7f2f4e4d0000-7f2f4e5ce000 rw-p 00000000 00:00 0 
7f2f4e5ce000-7f2f4e5d1000 ---p 00000000 00:00 0 
7f2f4e5d1000-7f2f4e6cf000 rw-p 00000000 00:00 0 
7f2f4e6cf000-7f2f4e6d2000 ---p 00000000 00:00 0 
7f2f4e6d2000-7f2f4e7d0000 rw-p 00000000 00:00 0 
7f2f4e7d0000-7f2f4e7d3000 ---p 00000000 00:00 0 
7f2f4e7d3000-7f2f4e8d1000 rw-p 00000000 00:00 0 
7f2f4e8d1000-7f2f4e8d4000 ---p 00000000 00:00 0 
7f2f4e8d4000-7f2f4e9d2000 rw-p 00000000 00:00 0 
7f2f4e9d2000-7f2f4e9d5000 ---p 00000000 00:00 0 
7f2f4e9d5000-7f2f4ead3000 rw-p 00000000 00:00 0 
7f2f4ead3000-7f2f4ead6000 ---p 00000000 00:00 0 
7f2f4ead6000-7f2f4ebd4000 rw-p 00000000 00:00 0 
7f2f4ebf2000-7f2f4edf2000 rw-p 00000000 00:00 0 
7f2f4edf2000-7f2f4edf5000 ---p 00000000 00:00 0 
7f2f4edf5000-7f2f4f0f3000 rw-p 00000000 00:00 0 
7f2f4f0f3000-7f2f4f0f6000 ---p 00000000 00:00 0 
7f2f4f0f6000-7f2f4f1f4000 rw-p 00000000 00:00 0 
7f2f4f1f4000-7f2f4f1f7000 ---p 00000000 00:00 0 
7f2f4f1f7000-7f2f4f2f5000 rw-p 00000000 00:00 0 
7f2f4f2f5000-7f2f4f2f8000 ---p 00000000 00:00 0 
7f2f4f2f8000-7f2f4f3f6000 rw-p 00000000 00:00 0 
7f2f4f3f6000-7f2f4f3f9000 ---p 00000000 00:00 0 
7f2f4f3f9000-7f2f4f4f7000 rw-p 00000000 00:00 0 
7f2f4f4f7000-7f2f4f4fa000 ---p 00000000 00:00 0 
7f2f4f4fa000-7f2f4f5f8000 rw-p 00000000 00:00 0 
7f2f4f5f8000-7f2f4f5fb000 ---p 00000000 00:00 0 
7f2f4f5fb000-7f2f4f6f9000 rw-p 00000000 00:00 0 
7f2f4f6f9000-7f2f4f6fc000 ---p 00000000 00:00 0 
7f2f4f6fc000-7f2f4f7fa000 rw-p 00000000 00:00 0 
7f2f4f7fa000-7f2f4f7fd000 ---p 00000000 00:00 0 
7f2f4f7fd000-7f2f4fafb000 rw-p 00000000 00:00 0 
7f2f4fafb000-7f2f4fafe000 ---p 00000000 00:00 0 
7f2f4fafe000-7f2f4fbfc000 rw-p 00000000 00:00 0 
7f2f4fbfc000-7f2f4fbff000 ---p 00000000 00:00 0 
7f2f4fbff000-7f2f4fcfd000 rw-p 00000000 00:00 0 
7f2f4fcfd000-7f2f4fd00000 ---p 00000000 00:00 0 
7f2f4fd00000-7f2f4fdfe000 rw-p 00000000 00:00 0 
7f2f4fdfe000-7f2f4fe01000 ---p 00000000 00:00 0 
7f2f4fe01000-7f2f4feff000 rw-p 00000000 00:00 0 
7f2f4feff000-7f2f4ff02000 ---p 00000000 00:00 0 
7f2f4ff02000-7f2f50000000 rw-p 00000000 00:00 0 
7f2f50000000-7f2f50021000 rw-p 00000000 00:00 0 
7f2f50021000-7f2f54000000 ---p 00000000 00:00 0 
7f2f54000000-7f2f54021000 rw-p 00000000 00:00 0 
7f2f54021000-7f2f58000000 ---p 00000000 00:00 0 
7f2f58000000-7f2f58021000 rw-p 00000000 00:00 0 
7f2f58021000-7f2f5c000000 ---p 00000000 00:00 0 
7f2f5c000000-7f2f5c021000 rw-p 00000000 00:00 0 
7f2f5c021000-7f2f60000000 ---p 00000000 00:00 0 
7f2f60000000-7f2f60021000 rw-p 00000000 00:00 0 
7f2f60021000-7f2f64000000 ---p 00000000 00:00 0 
7f2f64000000-7f2f64021000 rw-p 00000000 00:00 0 
7f2f64021000-7f2f68000000 ---p 00000000 00:00 0 
7f2f68000000-7f2f68021000 rw-p 00000000 00:00 0 
7f2f68021000-7f2f6c000000 ---p 00000000 00:00 0 
7f2f6c000000-7f2f6c021000 rw-p 00000000 00:00 0 
7f2f6c021000-7f2f70000000 ---p 00000000 00:00 0 
7f2f70000000-7f2f70021000 rw-p 00000000 00:00 0 
7f2f70021000-7f2f74000000 ---p 00000000 00:00 0 
7f2f74000000-7f2f74021000 rw-p 00000000 00:00 0 
7f2f74021000-7f2f78000000 ---p 00000000 00:00 0 
7f2f78000000-7f2f78021000 rw-p 00000000 00:00 0 
7f2f78021000-7f2f7c000000 ---p 00000000 00:00 0 
7f2f7c000000-7f2f7cbce000 rw-p 00000000 00:00 0 
7f2f7cbce000-7f2f80000000 ---p 00000000 00:00 0 
7f2f80000000-7f2f80021000 rw-p 00000000 00:00 0 
7f2f80021000-7f2f84000000 ---p 00000000 00:00 0 
7f2f84000000-7f2f84021000 rw-p 00000000 00:00 0 
7f2f84021000-7f2f88000000 ---p 00000000 00:00 0 
7f2f88000000-7f2f88021000 rw-p 00000000 00:00 0 
7f2f88021000-7f2f8c000000 ---p 00000000 00:00 0 
7f2f8c000000-7f2f8c021000 rw-p 00000000 00:00 0 
7f2f8c021000-7f2f90000000 ---p 00000000 00:00 0 
7f2f90000000-7f2f91ad9000 rw-p 00000000 00:00 0 
7f2f91ad9000-7f2f94000000 ---p 00000000 00:00 0 
7f2f94000000-7f2f945f2000 rw-p 00000000 00:00 0 
7f2f945f2000-7f2f98000000 ---p 00000000 00:00 0 
7f2f98000000-7f2f98021000 rw-p 00000000 00:00 0 
7f2f98021000-7f2f9c000000 ---p 00000000 00:00 0 
7f2f9c000000-7f2f9d86b000 rw-p 00000000 00:00 0 
7f2f9d86b000-7f2fa0000000 ---p 00000000 00:00 0 
7f2fa0000000-7f2fa0021000 rw-p 00000000 00:00 0 
7f2fa0021000-7f2fa4000000 ---p 00000000 00:00 0 
7f2fa4000000-7f2fa4021000 rw-p 00000000 00:00 0 
7f2fa4021000-7f2fa8000000 ---p 00000000 00:00 0 
7f2fa8000000-7f2fa8045000 rw-p 00000000 00:00 0 
7f2fa8045000-7f2fac000000 ---p 00000000 00:00 0 
7f2fac000000-7f2fac29b000 rw-p 00000000 00:00 0 
7f2fac29b000-7f2fb0000000 ---p 00000000 00:00 0 
7f2fb0000000-7f2fb0021000 rw-p 00000000 00:00 0 
7f2fb0021000-7f2fb4000000 ---p 00000000 00:00 0 
7f2fb4039000-7f2fb403c000 ---p 00000000 00:00 0 
7f2fb403c000-7f2fb413a000 rw-p 00000000 00:00 0 
7f2fb413a000-7f2fb413d000 ---p 00000000 00:00 0 
7f2fb413d000-7f2fb423b000 rw-p 00000000 00:00 0 
7f2fb423b000-7f2fb423e000 ---p 00000000 00:00 0 
7f2fb423e000-7f2fb433c000 rw-p 00000000 00:00 0 
7f2fb433c000-7f2fb433f000 ---p 00000000 00:00 0 
7f2fb433f000-7f2fb443d000 rw-p 00000000 00:00 0 
7f2fb443d000-7f2fb4440000 ---p 00000000 00:00 0 
7f2fb4440000-7f2fb453e000 rw-p 00000000 00:00 0 
7f2fb453e000-7f2fb4541000 ---p 00000000 00:00 0 
7f2fb4541000-7f2fb483f000 rw-p 00000000 00:00 0 
7f2fb483f000-7f2fb4842000 ---p 00000000 00:00 0 
7f2fb4842000-7f2fb4940000 rw-p 00000000 00:00 0 
7f2fb4940000-7f2fb4943000 ---p 00000000 00:00 0 
7f2fb4943000-7f2fb4a41000 rw-p 00000000 00:00 0 
7f2fb4a41000-7f2fb4a44000 ---p 00000000 00:00 0 
7f2fb4a44000-7f2fb4b42000 rw-p 00000000 00:00 0 
7f2fb4b42000-7f2fb4b45000 ---p 00000000 00:00 0 
7f2fb4b45000-7f2fb4e43000 rw-p 00000000 00:00 0 
7f2fb4e43000-7f2fb4e46000 ---p 00000000 00:00 0 
7f2fb4e46000-7f2fb4f44000 rw-p 00000000 00:00 0 
7f2fb4f44000-7f2fb4f55000 r-xp 00000000 08:02 3539931                    /usr/lib/jvm/java-8-oracle/jre/lib/amd64/libnio.so
7f2fb4f55000-7f2fb5154000 ---p 00011000 08:02 3539931                    /usr/lib/jvm/java-8-oracle/jre/lib/amd64/libnio.so
7f2fb5154000-7f2fb5155000 r--p 00010000 08:02 3539931                    /usr/lib/jvm/java-8-oracle/jre/lib/amd64/libnio.so
7f2fb5155000-7f2fb5156000 rw-p 00011000 08:02 3539931                    /usr/lib/jvm/java-8-oracle/jre/lib/amd64/libnio.so
7f2fb5156000-7f2fb5159000 ---p 00000000 00:00 0 
7f2fb5159000-7f2fb5457000 rw-p 00000000 00:00 0 
7f2fb5457000-7f2fb5458000 r-xp 00000000 08:02 3539913                    /usr/lib/jvm/java-8-oracle/jre/lib/amd64/libjaas_unix.so
7f2fb5458000-7f2fb5657000 ---p 00001000 08:02 3539913                    /usr/lib/jvm/java-8-oracle/jre/lib/amd64/libjaas_unix.so
7f2fb5657000-7f2fb5658000 r--p 00000000 08:02 3539913                    /usr/lib/jvm/java-8-oracle/jre/lib/amd64/libjaas_unix.so
7f2fb5658000-7f2fb5659000 rw-p 00001000 08:02 3539913                    /usr/lib/jvm/java-8-oracle/jre/lib/amd64/libjaas_unix.so
7f2fb5659000-7f2fb565c000 ---p 00000000 00:00 0 
7f2fb565c000-7f2fb575a000 rw-p 00000000 00:00 0 
7f2fb575a000-7f2fb575d000 ---p 00000000 00:00 0 
7f2fb575d000-7f2fb5993000 rw-p 00000000 00:00 0 
7f2fb5993000-7f2fb599b000 r-xp 00000000 08:02 3539936                    /usr/lib/jvm/java-8-oracle/jre/lib/amd64/libmanagement.so
7f2fb599b000-7f2fb5b9b000 ---p 00008000 08:02 3539936                    /usr/lib/jvm/java-8-oracle/jre/lib/amd64/libmanagement.so
7f2fb5b9b000-7f2fb5b9c000 r--p 00008000 08:02 3539936                    /usr/lib/jvm/java-8-oracle/jre/lib/amd64/libmanagement.so
7f2fb5b9c000-7f2fb5b9d000 rw-p 00009000 08:02 3539936                    /usr/lib/jvm/java-8-oracle/jre/lib/amd64/libmanagement.so
7f2fb5b9d000-7f2fb5d9d000 rw-p 00000000 00:00 0 
7f2fb5d9d000-7f2fb5db4000 r-xp 00000000 08:02 6032466                    /lib/x86_64-linux-gnu/libresolv-2.27.so
7f2fb5db4000-7f2fb5fb4000 ---p 00017000 08:02 6032466                    /lib/x86_64-linux-gnu/libresolv-2.27.so
7f2fb5fb4000-7f2fb5fb5000 r--p 00017000 08:02 6032466                    /lib/x86_64-linux-gnu/libresolv-2.27.so
7f2fb5fb5000-7f2fb5fb6000 rw-p 00018000 08:02 6032466                    /lib/x86_64-linux-gnu/libresolv-2.27.so
7f2fb5fb6000-7f2fb5fb8000 rw-p 00000000 00:00 0 
7f2fb5fb8000-7f2fb5fbd000 r-xp 00000000 08:02 6032459                    /lib/x86_64-linux-gnu/libnss_dns-2.27.so
7f2fb5fbd000-7f2fb61bd000 ---p 00005000 08:02 6032459                    /lib/x86_64-linux-gnu/libnss_dns-2.27.so
7f2fb61bd000-7f2fb61be000 r--p 00005000 08:02 6032459                    /lib/x86_64-linux-gnu/libnss_dns-2.27.so
7f2fb61be000-7f2fb61bf000 rw-p 00006000 08:02 6032459                    /lib/x86_64-linux-gnu/libnss_dns-2.27.so
7f2fb61bf000-7f2fb61c1000 r-xp 00000000 08:02 6034675                    /lib/x86_64-linux-gnu/libnss_mdns4_minimal.so.2
7f2fb61c1000-7f2fb63c0000 ---p 00002000 08:02 6034675                    /lib/x86_64-linux-gnu/libnss_mdns4_minimal.so.2
7f2fb63c0000-7f2fb63c1000 r--p 00001000 08:02 6034675                    /lib/x86_64-linux-gnu/libnss_mdns4_minimal.so.2
7f2fb63c1000-7f2fb63c2000 rw-p 00002000 08:02 6034675                    /lib/x86_64-linux-gnu/libnss_mdns4_minimal.so.2
7f2fb63d7000-7f2fb63d8000 r--p 00000000 08:02 5515350                    /usr/share/locale-langpack/en_GB/LC_MESSAGES/libc.mo
7f2fb63d8000-7f2fb63dd000 r--s 000a0000 08:02 2628744                    /usr/lib/jvm/java-8-oracle/jre/lib/jsse.jar
7f2fb63dd000-7f2fb63f3000 r-xp 00000000 08:02 3539928                    /usr/lib/jvm/java-8-oracle/jre/lib/amd64/libnet.so
7f2fb63f3000-7f2fb65f2000 ---p 00016000 08:02 3539928                    /usr/lib/jvm/java-8-oracle/jre/lib/amd64/libnet.so
7f2fb65f2000-7f2fb65f3000 r--p 00015000 08:02 3539928                    /usr/lib/jvm/java-8-oracle/jre/lib/amd64/libnet.so
7f2fb65f3000-7f2fb65f4000 rw-p 00016000 08:02 3539928                    /usr/lib/jvm/java-8-oracle/jre/lib/amd64/libnet.so
7f2fb65f4000-7f2fb67f4000 rw-p 00000000 00:00 0 
7f2fb67f4000-7f2fb67fe000 r--s 0007b000 08:02 2758501                    /opt/spark-2.3.2/jars/hadoop-mapreduce-client-app-2.7.3.jar
7f2fb67fe000-7f2fb6802000 r--s 00031000 08:02 2758522                    /opt/spark-2.3.2/jars/jline-2.12.1.jar
7f2fb6802000-7f2fb6804000 r--s 0001e000 08:02 2758545                    /opt/spark-2.3.2/jars/aircompressor-0.8.jar
7f2fb6804000-7f2fb6808000 r--s 0001a000 08:02 2758470                    /opt/spark-2.3.2/jars/metrics-core-3.1.5.jar
7f2fb6808000-7f2fb6816000 r--s 000a0000 08:02 2758489                    /opt/spark-2.3.2/jars/spark-graphx_2.11-2.3.2.jar
7f2fb6816000-7f2fb681b000 r--s 00068000 08:02 2758451                    /opt/spark-2.3.2/jars/antlr-2.7.7.jar
7f2fb681b000-7f2fb681d000 r--s 00005000 08:02 2758471                    /opt/spark-2.3.2/jars/stax-api-1.0.1.jar
7f2fb681d000-7f2fb681e000 r--s 00013000 08:02 2758480                    /opt/spark-2.3.2/jars/okio-1.13.0.jar
7f2fb681e000-7f2fb681f000 r--s 00000000 08:02 2758492                    /opt/spark-2.3.2/jars/javax.inject-1.jar
7f2fb681f000-7f2fb682a000 r--s 0005d000 08:02 2758424                    /opt/spark-2.3.2/jars/scala-parser-combinators_2.11-1.0.4.jar
7f2fb682a000-7f2fb682c000 r--s 0000b000 08:02 2758499                    /opt/spark-2.3.2/jars/spark-kvstore_2.11-2.3.2.jar
7f2fb682c000-7f2fb68d8000 r--s 007a2000 08:02 2758372                    /opt/spark-2.3.2/jars/spark-sql_2.11-2.3.2.jar
7f2fb68d8000-7f2fb68da000 r--s 0001c000 08:02 2758354                    /opt/spark-2.3.2/jars/py4j-0.10.7.jar
7f2fb68da000-7f2fb68db000 r--s 0000a000 08:02 2758474                    /opt/spark-2.3.2/jars/apacheds-i18n-2.0.0-M15.jar
7f2fb68db000-7f2fb68f1000 r--s 000d3000 08:02 2758435                    /opt/spark-2.3.2/jars/jersey-server-2.22.2.jar
7f2fb68f1000-7f2fb6954000 r--s 004de000 08:02 2758548                    /opt/spark-2.3.2/jars/hive-metastore-1.2.1.spark2.jar
7f2fb6954000-7f2fb6956000 r--s 0000d000 08:02 2758391                    /opt/spark-2.3.2/jars/hadoop-yarn-server-web-proxy-2.7.3.jar
7f2fb6956000-7f2fb695a000 r--s 0003c000 08:02 2758509                    /opt/spark-2.3.2/jars/jackson-core-2.6.7.jar
7f2fb695a000-7f2fb6a47000 r--s 00b93000 08:02 2758546                    /opt/spark-2.3.2/jars/spark-core_2.11-2.3.2.jar
7f2fb6a47000-7f2fb6aa0000 r--s 00522000 08:02 2758557                    /opt/spark-2.3.2/jars/scala-library-2.11.8.jar
7f2fb6aa0000-7f2fb6ad6000 r--s 0031c000 08:02 2758460                    /opt/spark-2.3.2/jars/hadoop-common-2.7.3.jar
7f2fb6ad6000-7f2fb6ae7000 r--s 00092000 08:02 2758518                    /opt/spark-2.3.2/jars/spark-mesos_2.11-2.3.2.jar
7f2fb6ae7000-7f2fb6ae8000 r--s 0000b000 08:02 2758360                    /opt/spark-2.3.2/jars/snappy-0.2.jar
7f2fb6ae8000-7f2fb6ae9000 r--s 00008000 08:02 2758441                    /opt/spark-2.3.2/jars/machinist_2.11-0.6.1.jar
7f2fb6ae9000-7f2fb6af8000 r--s 0009f000 08:02 2758358                    /opt/spark-2.3.2/jars/guice-3.0.jar
7f2fb6af8000-7f2fb6b10000 r--s 000d6000 08:02 2758356                    /opt/spark-2.3.2/jars/jersey-guava-2.22.2.jar
7f2fb6b10000-7f2fb6b11000 r--s 00001000 08:02 2758461                    /opt/spark-2.3.2/jars/javax.inject-2.4.0-b34.jar
7f2fb6b11000-7f2fb6b14000 r--s 00021000 08:02 2758381                    /opt/spark-2.3.2/jars/xbean-asm5-shaded-4.4.jar
7f2fb6b14000-7f2fb6b1d000 r--s 00062000 08:02 2758347                    /opt/spark-2.3.2/jars/avro-1.7.7.jar
7f2fb6b1d000-7f2fb6b4c000 r--s 001e3000 08:02 2758430                    /opt/spark-2.3.2/jars/spark-streaming_2.11-2.3.2.jar
7f2fb6b4c000-7f2fb6b52000 r--s 00034000 08:02 2758519                    /opt/spark-2.3.2/jars/libthrift-0.9.3.jar
7f2fb6b52000-7f2fb6b58000 r--s 00043000 08:02 2758415                    /opt/spark-2.3.2/jars/commons-configuration-1.6.jar
7f2fb6b58000-7f2fb6b72000 r--s 00126000 08:02 2758448                    /opt/spark-2.3.2/jars/spark-hive_2.11-2.3.2.jar
7f2fb6b72000-7f2fb6b76000 r--s 00029000 08:02 2758500                    /opt/spark-2.3.2/jars/hk2-locator-2.4.0-b34.jar
7f2fb6b76000-7f2fb6b8f000 r--s 0012c000 08:02 2758467                    /opt/spark-2.3.2/jars/netty-3.9.9.Final.jar
7f2fb6b8f000-7f2fb6b92000 r--s 00025000 08:02 2758344                    /opt/spark-2.3.2/jars/commons-dbcp-1.4.jar
7f2fb6b92000-7f2fb6b95000 r--s 00028000 08:02 2758367                    /opt/spark-2.3.2/jars/stream-2.7.0.jar
7f2fb6b95000-7f2fb6b9d000 r--s 00059000 08:02 2758446                    /opt/spark-2.3.2/jars/javolution-5.5.1.jar
7f2fb6b9d000-7f2fb6ba1000 r--s 0002c000 08:02 2758543                    /opt/spark-2.3.2/jars/avro-ipc-1.7.7.jar
7f2fb6ba1000-7f2fb6ba3000 r--s 00238000 08:02 2758433                    /opt/spark-2.3.2/jars/zstd-jni-1.3.2-2.jar
7f2fb6ba3000-7f2fb6bb7000 r--s 000ec000 08:02 2758502                    /opt/spark-2.3.2/jars/parquet-jackson-1.8.3.jar
7f2fb6bb7000-7f2fb6bb8000 r--s 00002000 08:02 2758559                    /opt/spark-2.3.2/jars/jpam-1.1.jar
7f2fb6bb8000-7f2fb6bba000 r--s 00009000 08:02 2758416                    /opt/spark-2.3.2/jars/jackson-module-paranamer-2.7.9.jar
7f2fb6bba000-7f2fb6bbb000 r--s 00004000 08:02 2758497                    /opt/spark-2.3.2/jars/opencsv-2.3.jar
7f2fb6bbb000-7f2fb6bbd000 r--s 0000e000 08:02 2758438                    /opt/spark-2.3.2/jars/hadoop-mapreduce-client-jobclient-2.7.3.jar
7f2fb6bbd000-7f2fb6bbe000 r--s 00009000 08:02 2758530                    /opt/spark-2.3.2/jars/hive-cli-1.2.1.spark2.jar
7f2fb6bbe000-7f2fb6bca000 r--s 000b7000 08:02 2758523                    /opt/spark-2.3.2/jars/janino-3.0.8.jar
7f2fb6bca000-7f2fb6bd0000 r--s 0004c000 08:02 2758555                    /opt/spark-2.3.2/jars/antlr4-runtime-4.7.jar
7f2fb6bd0000-7f2fb6bd2000 r--s 00011000 08:02 2758457                    /opt/spark-2.3.2/jars/spark-launcher_2.11-2.3.2.jar
7f2fb6bd2000-7f2fb6bd4000 r--s 00003000 08:02 2758408                    /opt/spark-2.3.2/jars/jcl-over-slf4j-1.7.16.jar
7f2fb6bd4000-7f2fb6be2000 r--s 0009d000 08:02 2758553                    /opt/spark-2.3.2/jars/jersey-common-2.22.2.jar
7f2fb6be2000-7f2fb6be6000 r--s 00019000 08:02 2758361                    /opt/spark-2.3.2/jars/javax.ws.rs-api-2.0.1.jar
7f2fb6be6000-7f2fb6be7000 r--s 00000000 08:02 2758466                    /opt/spark-2.3.2/jars/macro-compat_2.11-1.1.1.jar
7f2fb6be7000-7f2fb6be9000 r--s 0000e000 08:02 2758410                    /opt/spark-2.3.2/jars/oro-2.0.8.jar
7f2fb6be9000-7f2fb6bea000 r--s 00004000 08:02 2758403                    /opt/spark-2.3.2/jars/osgi-resource-locator-1.0.1.jar
7f2fb6bea000-7f2fb6c30000 r--s 00317000 08:02 2758541                    /opt/spark-2.3.2/jars/shapeless_2.11-2.3.2.jar
7f2fb6c30000-7f2fb6c34000 r--s 0000c000 08:02 2758472                    /opt/spark-2.3.2/jars/validation-api-1.1.0.Final.jar
7f2fb6c34000-7f2fb6c3c000 r--s 0007b000 08:02 2758527                    /opt/spark-2.3.2/jars/protobuf-java-2.5.0.jar
7f2fb6c3c000-7f2fb6c42000 r--s 0003c000 08:02 2758552                    /opt/spark-2.3.2/jars/snakeyaml-1.15.jar
7f2fb6c42000-7f2fb6c54000 r--s 000b3000 08:02 2758385                    /opt/spark-2.3.2/jars/scalap-2.11.8.jar
7f2fb6c54000-7f2fb6c88000 r--s 00277000 08:02 2758388                    /opt/spark-2.3.2/jars/parquet-hadoop-bundle-1.6.0.jar
7f2fb6c88000-7f2fb6c9f000 r--s 00183000 08:02 2758437                    /opt/spark-2.3.2/jars/hadoop-yarn-common-2.7.3.jar
7f2fb6c9f000-7f2fb6ca1000 r--s 00007000 08:02 2758452                    /opt/spark-2.3.2/jars/zjsonpatch-0.3.0.jar
7f2fb6ca1000-7f2fb6ca4000 r--s 000fd000 08:02 2758536                    /opt/spark-2.3.2/jars/leveldbjni-all-1.8.jar
7f2fb6ca4000-7f2fb6ca5000 r--s 00006000 08:02 2758513                    /opt/spark-2.3.2/jars/hadoop-client-2.7.3.jar
7f2fb6ca5000-7f2fb6caa000 r--s 00039000 08:02 2758506                    /opt/spark-2.3.2/jars/parquet-hadoop-1.8.3.jar
7f2fb6caa000-7f2fb6cac000 r--s 00003000 08:02 2758476                    /opt/spark-2.3.2/jars/JavaEWAH-0.3.2.jar
7f2fb6cac000-7f2fb6cd1000 rw-p 00000000 00:00 0 
7f2fb6cd1000-7f2fb6ddd000 r--s 00dba000 08:02 2758475                    /opt/spark-2.3.2/jars/scala-compiler-2.11.8.jar
7f2fb6ddd000-7f2fb6dde000 r--s 00001000 08:02 2758537                    /opt/spark-2.3.2/jars/minlog-1.3.0.jar
7f2fb6dde000-7f2fb6de2000 r--s 00029000 08:02 2758413                    /opt/spark-2.3.2/jars/spark-mllib-local_2.11-2.3.2.jar
7f2fb6de2000-7f2fb6de4000 r--s 00014000 08:02 2758366                    /opt/spark-2.3.2/jars/spire-macros_2.11-0.13.0.jar
7f2fb6de4000-7f2fb6e71000 r--s 006d5000 08:02 2758529                    /opt/spark-2.3.2/jars/spark-mllib_2.11-2.3.2.jar
7f2fb6e71000-7f2fb6e75000 r--s 00020000 08:02 2758382                    /opt/spark-2.3.2/jars/commons-digester-1.8.jar
7f2fb6e75000-7f2fb6e7d000 r--s 00066000 08:02 2758398                    /opt/spark-2.3.2/jars/apache-log4j-extras-1.2.17.jar
7f2fb6e7d000-7f2fb6ea6000 r--s 001ee000 08:02 2758414                    /opt/spark-2.3.2/jars/guava-14.0.1.jar
7f2fb6ea6000-7f2fb6eab000 r--s 00027000 08:02 2758462                    /opt/spark-2.3.2/jars/automaton-1.11-8.jar
7f2fb6eab000-7f2fb6ead000 r--s 00007000 08:02 2758558                    /opt/spark-2.3.2/jars/paranamer-2.8.jar
7f2fb6ead000-7f2fb6eb7000 r--s 000af000 08:02 2758432                    /opt/spark-2.3.2/jars/orc-mapreduce-1.4.4-nohive.jar
7f2fb6eb7000-7f2fb6ec8000 r--s 00089000 08:02 2758469                    /opt/spark-2.3.2/jars/joda-time-2.9.3.jar
7f2fb6ec8000-7f2fb6ecf000 r--s 0007d000 08:02 2758459                    /opt/spark-2.3.2/jars/jetty-6.1.26.jar
7f2fb6ecf000-7f2fb6ed5000 r--s 00063000 08:02 2758357                    /opt/spark-2.3.2/jars/jodd-core-3.5.2.jar
7f2fb6ed5000-7f2fb6eed000 r--s 00115000 08:02 2758503                    /opt/spark-2.3.2/jars/xercesImpl-2.9.1.jar
7f2fb6eed000-7f2fb6ef3000 r--s 00040000 08:02 2758531                    /opt/spark-2.3.2/jars/parquet-encoding-1.8.3.jar
7f2fb6ef3000-7f2fb6ef5000 r--s 00012000 08:02 2758359                    /opt/spark-2.3.2/jars/api-util-1.0.0-M20.jar
7f2fb6ef5000-7f2fb6efc000 r--s 00051000 08:02 2758337                    /opt/spark-2.3.2/jars/kryo-shaded-3.0.3.jar
7f2fb6efc000-7f2fb6f0e000 r--s 00097000 08:02 2758374                    /opt/spark-2.3.2/jars/apacheds-kerberos-codec-2.0.0-M15.jar
7f2fb6f0e000-7f2fb6f10000 r--s 0001f000 08:02 2758348                    /opt/spark-2.3.2/jars/commons-crypto-1.0.0.jar
7f2fb6f10000-7f2fb6f34000 r--s 001cd000 08:02 2758521                    /opt/spark-2.3.2/jars/commons-math3-3.4.1.jar
7f2fb6f34000-7f2fb6f9f000 r--s 0093d000 08:02 2758411                    /opt/spark-2.3.2/jars/spire_2.11-0.13.0.jar
7f2fb6f9f000-7f2fb6fac000 r--s 00083000 08:02 2758380                    /opt/spark-2.3.2/jars/commons-collections-3.2.2.jar
7f2fb6fac000-7f2fb6fae000 r--s 0000e000 08:02 2758402                    /opt/spark-2.3.2/jars/commons-logging-1.1.3.jar
7f2fb6fae000-7f2fb6fb1000 r--s 00015000 08:02 2758373                    /opt/spark-2.3.2/jars/pyrolite-4.13.jar
7f2fb6fb1000-7f2fb6fb3000 r--s 00004000 08:02 2758420                    /opt/spark-2.3.2/jars/metrics-graphite-3.1.5.jar
7f2fb6fb3000-7f2fb6fbe000 r--s 00062000 08:02 2758554                    /opt/spark-2.3.2/jars/calcite-linq4j-1.2.0-incubating.jar
7f2fb6fbe000-7f2fb6fc5000 r--s 00046000 08:02 2758394                    /opt/spark-2.3.2/jars/libfb303-0.9.3.jar
7f2fb6fc5000-7f2fb6fc6000 r--s 00009000 08:02 2758426                    /opt/spark-2.3.2/jars/json4s-jackson_2.11-3.2.11.jar
7f2fb6fc6000-7f2fb706f000 r--s 007f2000 08:02 2758535                    /opt/spark-2.3.2/jars/spark-catalyst_2.11-2.3.2.jar
7f2fb706f000-7f2fb7071000 r--s 00012000 08:02 2758524                    /opt/spark-2.3.2/jars/arrow-memory-0.8.0.jar
7f2fb7071000-7f2fb7073000 r--s 0000d000 08:02 2758428                    /opt/spark-2.3.2/jars/chill-java-0.8.4.jar
7f2fb7073000-7f2fb707d000 r--s 00054000 08:02 2758340                    /opt/spark-2.3.2/jars/spark-kubernetes_2.11-2.3.2.jar
7f2fb707d000-7f2fb707f000 r--s 00006000 08:02 2758401                    /opt/spark-2.3.2/jars/spark-sketch_2.11-2.3.2.jar
7f2fb707f000-7f2fb7083000 r--s 00036000 08:02 2758539                    /opt/spark-2.3.2/jars/ST4-4.0.4.jar
7f2fb7083000-7f2fb7084000 r--s 00002000 08:02 2758339                    /opt/spark-2.3.2/jars/flatbuffers-1.2.0-3f79e055.jar
7f2fb7084000-7f2fb709b000 r--s 000d4000 08:02 2758338                    /opt/spark-2.3.2/jars/parquet-column-1.8.3.jar
7f2fb709b000-7f2fb70a3000 r--s 00058000 08:02 2758551                    /opt/spark-2.3.2/jars/parquet-format-2.3.1.jar
7f2fb70a3000-7f2fb70a5000 r--s 00009000 08:02 2758458                    /opt/spark-2.3.2/jars/objenesis-2.1.jar
7f2fb70a5000-7f2fb70a7000 r--s 00020000 08:02 2758369                    /opt/spark-2.3.2/jars/hive-beeline-1.2.1.spark2.jar
7f2fb70a7000-7f2fb70ac000 r--s 0002a000 08:02 2758407                    /opt/spark-2.3.2/jars/gson-2.2.4.jar
7f2fb70ac000-7f2fb70b5000 r--s 0006f000 08:02 2758479                    /opt/spark-2.3.2/jars/log4j-1.2.17.jar
7f2fb70b5000-7f2fb70bf000 r--s 00086000 08:02 2758423                    /opt/spark-2.3.2/jars/json4s-core_2.11-3.2.11.jar
7f2fb70bf000-7f2fb70c4000 r--s 00028000 08:02 2758544                    /opt/spark-2.3.2/jars/avro-mapred-1.7.7-hadoop2.jar
7f2fb70c4000-7f2fb70c9000 r--s 0002a000 08:02 2758540                    /opt/spark-2.3.2/jars/commons-beanutils-1.7.0.jar
7f2fb70c9000-7f2fb70ca000 r--s 00004000 08:02 2758405                    /opt/spark-2.3.2/jars/eigenbase-properties-1.1.5.jar
7f2fb70ca000-7f2fb70cb000 r--s 00009000 08:02 2758464                    /opt/spark-2.3.2/jars/slf4j-api-1.7.16.jar
7f2fb70cb000-7f2fb70f9000 r--s 00218000 08:02 2758454                    /opt/spark-2.3.2/jars/spark-network-common_2.11-2.3.2.jar
7f2fb70f9000-7f2fb70fb000 r--s 00004000 08:02 2758505                    /opt/spark-2.3.2/jars/stax-api-1.0-2.jar
7f2fb70fb000-7f2fb7102000 r--s 00039000 08:02 2758520                    /opt/spark-2.3.2/jars/calcite-avatica-1.2.0-incubating.jar
7f2fb7102000-7f2fb7104000 r--s 00009000 08:02 2758375                    /opt/spark-2.3.2/jars/commons-cli-1.2.jar
7f2fb7104000-7f2fb710e000 r--s 000a5000 08:02 2758431                    /opt/spark-2.3.2/jars/javassist-3.18.1-GA.jar
7f2fb710e000-7f2fb711e000 r--s 00127000 08:02 2758447                    /opt/spark-2.3.2/jars/arrow-vector-0.8.0.jar
7f2fb711e000-7f2fb7124000 r--s 00045000 08:02 2758427                    /opt/spark-2.3.2/jars/commons-httpclient-3.1.jar
7f2fb7124000-7f2fb7127000 r--s 00014000 08:02 2758444                    /opt/spark-2.3.2/jars/super-csv-2.2.0.jar
7f2fb7127000-7f2fb7156000 r--s 002e5000 08:02 2758419                    /opt/spark-2.3.2/jars/derby-10.12.1.1.jar
7f2fb7156000-7f2fb7157000 r--s 00004000 08:02 2758393                    /opt/spark-2.3.2/jars/jackson-jaxrs-1.9.13.jar
7f2fb7157000-7f2fb7158000 r--s 00003000 08:02 2758532                    /opt/spark-2.3.2/jars/metrics-json-3.1.5.jar
7f2fb7158000-7f2fb715a000 r--s 00008000 08:02 2758516                    /opt/spark-2.3.2/jars/metrics-jvm-3.1.5.jar
7f2fb715a000-7f2fb7191000 r--s 00325000 08:02 2758498                    /opt/spark-2.3.2/jars/calcite-core-1.2.0-incubating.jar
7f2fb7191000-7f2fb7192000 r--s 00009000 08:02 2758343                    /opt/spark-2.3.2/jars/hadoop-annotations-2.7.3.jar
7f2fb7192000-7f2fb7199000 r--s 0003f000 08:02 2758371                    /opt/spark-2.3.2/jars/commons-codec-1.10.jar
7f2fb7199000-7f2fb719d000 r--s 0001a000 08:02 2758425                    /opt/spark-2.3.2/jars/spark-repl_2.11-2.3.2.jar
7f2fb719d000-7f2fb71aa000 r--s 000b2000 08:02 2758387                    /opt/spark-2.3.2/jars/httpclient-4.5.4.jar
7f2fb71aa000-7f2fb71ac000 r--s 00003000 08:02 2758336                    /opt/spark-2.3.2/jars/api-asn1-api-1.0.0-M20.jar
7f2fb71ac000-7f2fb71c2000 r--s 001a4000 08:02 2758397                    /opt/spark-2.3.2/jars/datanucleus-rdbms-3.2.9.jar
7f2fb71c2000-7f2fb7268000 r--s 0060b000 08:02 2758349                    /opt/spark-2.3.2/jars/kubernetes-model-2.0.0.jar
7f2fb7268000-7f2fb726b000 r--s 00006000 08:02 2758412                    /opt/spark-2.3.2/jars/jsr305-1.3.9.jar
7f2fb726b000-7f2fb7270000 r--s 00036000 08:02 2758496                    /opt/spark-2.3.2/jars/commons-compress-1.4.1.jar
7f2fb7270000-7f2fb7272000 r--s 00000000 08:02 2758508                    /opt/spark-2.3.2/jars/jul-to-slf4j-1.7.16.jar
7f2fb7272000-7f2fb7276000 r--s 00033000 08:02 2758341                    /opt/spark-2.3.2/jars/chill_2.11-0.8.4.jar
7f2fb7276000-7f2fb7291000 r--s 001d9000 08:02 2758507                    /opt/spark-2.3.2/jars/jets3t-0.9.4.jar
7f2fb7291000-7f2fb7293000 r--s 0000e000 08:02 2758533                    /opt/spark-2.3.2/jars/guice-servlet-3.0.jar
7f2fb7293000-7f2fb7295000 r--s 00003000 08:02 2758463                    /opt/spark-2.3.2/jars/java-xmlbuilder-1.1.jar
7f2fb7295000-7f2fb729a000 r--s 0004e000 08:02 2758487                    /opt/spark-2.3.2/jars/datanucleus-api-jdo-3.2.6.jar
7f2fb729a000-7f2fb729c000 r--s 00003000 08:02 2758510                    /opt/spark-2.3.2/jars/jersey-container-servlet-2.22.2.jar
7f2fb729c000-7f2fb729f000 r--s 0002f000 08:02 2758404                    /opt/spark-2.3.2/jars/RoaringBitmap-0.5.11.jar
7f2fb729f000-7f2fb72a1000 r--s 00002000 08:02 2758465                    /opt/spark-2.3.2/jars/aopalliance-repackaged-2.4.0-b34.jar
7f2fb72a1000-7f2fb72a5000 r--s 00025000 08:02 2758439                    /opt/spark-2.3.2/jars/antlr-runtime-3.4.jar
7f2fb72a5000-7f2fb72aa000 r--s 00027000 08:02 2758477                    /opt/spark-2.3.2/jars/hk2-api-2.4.0-b34.jar
7f2fb72aa000-7f2fb72b4000 r--s 0005c000 08:02 2758517                    /opt/spark-2.3.2/jars/kubernetes-client-3.0.0.jar
7f2fb72b4000-7f2fb72b8000 r--s 00025000 08:02 2758417                    /opt/spark-2.3.2/jars/jersey-client-2.22.2.jar
7f2fb72b8000-7f2fb72ba000 r--s 0000f000 08:02 2758400                    /opt/spark-2.3.2/jars/curator-client-2.7.1.jar
7f2fb72ba000-7f2fb72be000 r--s 0002f000 08:02 2758495                    /opt/spark-2.3.2/jars/commons-beanutils-core-1.8.0.jar
7f2fb72be000-7f2fb72c5000 r--s 00049000 08:02 2758436                    /opt/spark-2.3.2/jars/httpcore-4.4.8.jar
7f2fb72c5000-7f2fb72c8000 r--s 00012000 08:02 2758528                    /opt/spark-2.3.2/jars/json4s-ast_2.11-3.2.11.jar
7f2fb72c8000-7f2fb72d1000 r--s 00046000 08:02 2758478                    /opt/spark-2.3.2/jars/jackson-dataformat-yaml-2.6.7.jar
7f2fb72d1000-7f2fb72d2000 r--s 00007000 08:02 2758363                    /opt/spark-2.3.2/jars/jackson-module-jaxb-annotations-2.6.7.jar
7f2fb72d2000-7f2fb72d5000 r--s 00019000 08:02 2758383                    /opt/spark-2.3.2/jars/bonecp-0.8.0.RELEASE.jar
7f2fb72d5000-7f2fb72e3000 r--s 000b1000 08:02 2758483                    /opt/spark-2.3.2/jars/jackson-mapper-asl-1.9.13.jar
7f2fb72e3000-7f2fb72e5000 r--s 00100000 08:02 2758561                    /opt/spark-2.3.2/jars/snappy-java-1.1.2.6.jar
7f2fb72e5000-7f2fb72fd000 r--s 001b6000 08:02 2758392                    /opt/spark-2.3.2/jars/datanucleus-core-3.2.10.jar
7f2fb72fd000-7f2fb72ff000 r--s 00009000 08:02 2758468                    /opt/spark-2.3.2/jars/parquet-common-1.8.3.jar
7f2fb72ff000-7f2fb7301000 r--s 00017000 08:02 2758556                    /opt/spark-2.3.2/jars/hive-jdbc-1.2.1.spark2.jar
7f2fb7301000-7f2fb736c000 r--s 00784000 08:02 2758538                    /opt/spark-2.3.2/jars/hadoop-hdfs-2.7.3.jar
7f2fb736c000-7f2fb7415000 r--s 00a4f000 08:02 2758488                    /opt/spark-2.3.2/jars/hive-exec-1.2.1.spark2.jar
7f2fb7415000-7f2fb7416000 r--s 00002000 08:02 2758515                    /opt/spark-2.3.2/jars/slf4j-log4j12-1.7.16.jar
7f2fb7416000-7f2fb7427000 r--s 0010c000 08:02 2758547                    /opt/spark-2.3.2/jars/jackson-databind-2.6.7.1.jar
7f2fb7427000-7f2fb7429000 r--s 0000b000 08:02 2758453                    /opt/spark-2.3.2/jars/arrow-format-0.8.0.jar
7f2fb7429000-7f2fb742c000 r--s 00015000 08:02 2758376                    /opt/spark-2.3.2/jars/commons-pool-1.5.4.jar
7f2fb742c000-7f2fb7437000 r--s 000b0000 08:02 2758422                    /opt/spark-2.3.2/jars/jtransforms-2.4.0.jar
7f2fb7437000-7f2fb743b000 r--s 00030000 08:02 2758396                    /opt/spark-2.3.2/jars/commons-net-2.2.jar
7f2fb743b000-7f2fb7454000 r--s 00150000 08:02 2758429                    /opt/spark-2.3.2/jars/htrace-core-3.1.0-incubating.jar
7f2fb7454000-7f2fb7458000 r--s 0002a000 08:02 2758350                    /opt/spark-2.3.2/jars/breeze-macros_2.11-0.13.2.jar
7f2fb7458000-7f2fb7467000 r--s 00091000 08:02 2758406                    /opt/spark-2.3.2/jars/spark-yarn_2.11-2.3.2.jar
7f2fb7467000-7f2fb74ba000 r--s 00373000 08:02 2758409                    /opt/spark-2.3.2/jars/bcprov-jdk15on-1.58.jar
7f2fb74ba000-7f2fb74bf000 r--s 00041000 08:02 2758355                    /opt/spark-2.3.2/jars/commons-lang-2.6.jar
7f2fb74bf000-7f2fb74d2000 r--s 0014e000 08:02 2758370                    /opt/spark-2.3.2/jars/orc-core-1.4.4-nohive.jar
7f2fb74d2000-7f2fb7513000 r--s 006c0000 08:02 2758351                    /opt/spark-2.3.2/jars/mesos-1.4.0-shaded-protobuf.jar
7f2fb7513000-7f2fb7515000 r--s 00012000 08:02 2758386                    /opt/spark-2.3.2/jars/compress-lzf-1.0.3.jar
7f2fb7515000-7f2fb751f000 r--s 0009a000 08:02 2758443                    /opt/spark-2.3.2/jars/scala-xml_2.11-1.0.5.jar
7f2fb751f000-7f2fb7521000 r--s 00010000 08:02 2758490                    /opt/spark-2.3.2/jars/jersey-media-jaxb-2.22.2.jar
7f2fb7521000-7f2fb7544000 rw-p 00000000 00:00 0 
7f2fb7544000-7f2fb761c000 r--s 00d92000 08:02 2758335                    /opt/spark-2.3.2/jars/breeze_2.11-0.13.2.jar
7f2fb761c000-7f2fb7629000 r--s 00071000 08:02 2758542                    /opt/spark-2.3.2/jars/jackson-module-scala_2.11-2.6.7.1.jar
7f2fb7629000-7f2fb764a000 r--s 0019a000 08:02 2758353                    /opt/spark-2.3.2/jars/spark-hive-thriftserver_2.11-2.3.2.jar
7f2fb764a000-7f2fb764d000 r--s 00058000 08:02 2758481                    /opt/spark-2.3.2/jars/lz4-java-1.4.0.jar
7f2fb764d000-7f2fb764f000 r--s 00001000 08:02 2758399                    /opt/spark-2.3.2/jars/logging-interceptor-3.8.1.jar
7f2fb764f000-7f2fb7650000 r--s 00003000 08:02 2758442                    /opt/spark-2.3.2/jars/xmlenc-0.52.jar
7f2fb7650000-7f2fb7669000 r--s 00164000 08:02 2758450                    /opt/spark-2.3.2/jars/hadoop-mapreduce-client-core-2.7.3.jar
7f2fb7669000-7f2fb766c000 r--s 00009000 08:02 2758345                    /opt/spark-2.3.2/jars/jackson-annotations-2.6.7.jar
7f2fb766c000-7f2fb7672000 r--s 0005c000 08:02 2758418                    /opt/spark-2.3.2/jars/okhttp-3.8.1.jar
7f2fb7672000-7f2fb7675000 r--s 00015000 08:02 2758384                    /opt/spark-2.3.2/jars/javax.servlet-api-3.1.0.jar
7f2fb7675000-7f2fb767d000 r--s 0006e000 08:02 2758390                    /opt/spark-2.3.2/jars/commons-lang3-3.5.jar
7f2fb767d000-7f2fb7685000 r--s 00056000 08:02 2758364                    /opt/spark-2.3.2/jars/univocity-parsers-2.5.9.jar
7f2fb7685000-7f2fb7686000 r--s 00003000 08:02 2758511                    /opt/spark-2.3.2/jars/jta-1.1.jar
7f2fb7686000-7f2fb768c000 r--s 0002c000 08:02 2758486                    /opt/spark-2.3.2/jars/jdo-api-3.0.1.jar
7f2fb768c000-7f2fb768e000 r--s 00027000 08:02 2758440                    /opt/spark-2.3.2/jars/core-1.1.2.jar
7f2fb768e000-7f2fb7690000 r--s 00010000 08:02 2758342                    /opt/spark-2.3.2/jars/hadoop-mapreduce-client-shuffle-2.7.3.jar
7f2fb7690000-7f2fb7692000 r--s 0000f000 08:02 2758445                    /opt/spark-2.3.2/jars/activation-1.1.1.jar
7f2fb7692000-7f2fb76af000 r--s 001d5000 08:02 2758485                    /opt/spark-2.3.2/jars/hadoop-yarn-api-2.7.3.jar
7f2fb76af000-7f2fb76bb000 r--s 000b6000 08:02 2758512                    /opt/spark-2.3.2/jars/zookeeper-3.4.6.jar
7f2fb76bb000-7f2fb76bf000 r--s 00028000 08:02 2758362                    /opt/spark-2.3.2/jars/jetty-util-6.1.26.jar
7f2fb76bf000-7f2fb76c7000 r--s 0003b000 08:02 2758455                    /opt/spark-2.3.2/jars/curator-recipes-2.7.1.jar
7f2fb76c7000-7f2fb76cb000 r--s 0001a000 08:02 2758395                    /opt/spark-2.3.2/jars/hk2-utils-2.4.0-b34.jar
7f2fb76cb000-7f2fb76ce000 r--s 00022000 08:02 2758434                    /opt/spark-2.3.2/jars/stringtemplate-3.2.1.jar
7f2fb76ce000-7f2fb76e0000 r--s 00112000 08:02 2758560                    /opt/spark-2.3.2/jars/arpack_combined_all-0.1.jar
7f2fb76e0000-7f2fb76ed000 r--s 000b1000 08:02 2758368                    /opt/spark-2.3.2/jars/hadoop-mapreduce-client-common-2.7.3.jar
7f2fb76ed000-7f2fb772e000 r--s 0035a000 08:02 2758377                    /opt/spark-2.3.2/jars/netty-all-4.1.17.Final.jar
7f2fb772e000-7f2fb774f000 r--s 00177000 08:02 2758525                    /opt/spark-2.3.2/jars/hppc-0.7.2.jar
7f2fb774f000-7f2fb779b000 r--s 00411000 08:02 2758491                    /opt/spark-2.3.2/jars/scala-reflect-2.11.8.jar
7f2fb779b000-7f2fb779c000 ---p 00000000 00:00 0 
7f2fb779c000-7f2fb789c000 rw-p 00000000 00:00 0 
7f2fb789c000-7f2fb789f000 ---p 00000000 00:00 0 
7f2fb789f000-7f2fb799d000 rw-p 00000000 00:00 0 
7f2fb799d000-7f2fb799e000 ---p 00000000 00:00 0 
7f2fb799e000-7f2fb79a1000 ---p 00000000 00:00 0 
7f2fb79a1000-7f2fb7a9e000 rw-p 00000000 00:00 0 
7f2fb7a9e000-7f2fb7a9f000 ---p 00000000 00:00 0 
7f2fb7a9f000-7f2fb7aa2000 ---p 00000000 00:00 0 
7f2fb7aa2000-7f2fb7b9f000 rw-p 00000000 00:00 0 
7f2fb7b9f000-7f2fb8000000 r--p 00000000 08:02 4981822                    /usr/lib/locale/locale-archive
7f2fb8000000-7f2fb8081000 rw-p 00000000 00:00 0 
7f2fb8081000-7f2fbc000000 ---p 00000000 00:00 0 
7f2fbc000000-7f2fbc002000 r--s 00015000 08:02 2758378                    /opt/spark-2.3.2/jars/hadoop-auth-2.7.3.jar
7f2fbc002000-7f2fbc003000 r--s 00006000 08:02 2758456                    /opt/spark-2.3.2/jars/jackson-xc-1.9.13.jar
7f2fbc003000-7f2fbc006000 r--s 00016000 08:02 2758352                    /opt/spark-2.3.2/jars/jsp-api-2.1.jar
7f2fbc006000-7f2fbc00c000 r--s 00028000 08:02 2758550                    /opt/spark-2.3.2/jars/curator-framework-2.7.1.jar
7f2fbc00c000-7f2fbc00f000 r--s 0000e000 08:02 2758389                    /opt/spark-2.3.2/jars/jersey-container-servlet-core-2.22.2.jar
7f2fbc00f000-7f2fbc012000 r--s 00026000 08:02 2758494                    /opt/spark-2.3.2/jars/hadoop-yarn-client-2.7.3.jar
7f2fbc012000-7f2fbc013000 ---p 00000000 00:00 0 
7f2fbc013000-7f2fbc016000 ---p 00000000 00:00 0 
7f2fbc016000-7f2fbc113000 rw-p 00000000 00:00 0 
7f2fbc113000-7f2fbc116000 ---p 00000000 00:00 0 
7f2fbc116000-7f2fbc214000 rw-p 00000000 00:00 0 
7f2fbc214000-7f2fbc217000 ---p 00000000 00:00 0 
7f2fbc217000-7f2fbc315000 rw-p 00000000 00:00 0 
7f2fbc315000-7f2fbc318000 ---p 00000000 00:00 0 
7f2fbc318000-7f2fbc416000 rw-p 00000000 00:00 0 
7f2fbc416000-7f2fbc417000 ---p 00000000 00:00 0 
7f2fbc417000-7f2fbd426000 rw-p 00000000 00:00 0 
7f2fbd426000-7f2fbd600000 r--s 03d6c000 08:02 2628739                    /usr/lib/jvm/java-8-oracle/jre/lib/rt.jar
7f2fbd600000-7f2fc0000000 rw-p 00000000 00:00 0 
7f2fc0000000-7f2fc0021000 rw-p 00000000 00:00 0 
7f2fc0021000-7f2fc4000000 ---p 00000000 00:00 0 
7f2fc4000000-7f2fc4003000 r--s 00017000 08:02 2758493                    /opt/spark-2.3.2/jars/jaxb-api-2.2.2.jar
7f2fc4003000-7f2fc4005000 r--s 0000a000 08:02 2758504                    /opt/spark-2.3.2/jars/spark-unsafe_2.11-2.3.2.jar
7f2fc4005000-7f2fc40b7000 rw-p 00000000 00:00 0 
7f2fc40b7000-7f2fc40b8000 ---p 00000000 00:00 0 
7f2fc40b8000-7f2fc41b8000 rw-p 00000000 00:00 0 
7f2fc41b8000-7f2fc41b9000 ---p 00000000 00:00 0 
7f2fc41b9000-7f2fc42b9000 rw-p 00000000 00:00 0 
7f2fc42b9000-7f2fc42ba000 ---p 00000000 00:00 0 
7f2fc42ba000-7f2fc43ba000 rw-p 00000000 00:00 0 
7f2fc43ba000-7f2fc43bb000 ---p 00000000 00:00 0 
7f2fc43bb000-7f2fc44cf000 rw-p 00000000 00:00 0 
7f2fc44cf000-7f2fc4611000 ---p 00000000 00:00 0 
7f2fc4611000-7f2fc4625000 rw-p 00000000 00:00 0 
7f2fc4625000-7f2fc4766000 ---p 00000000 00:00 0 
7f2fc4766000-7f2fc47c7000 rw-p 00000000 00:00 0 
7f2fc47c7000-7f2fc4811000 ---p 00000000 00:00 0 
7f2fc4811000-7f2fc4830000 rw-p 00000000 00:00 0 
7f2fc4830000-7f2fc4bd2000 ---p 00000000 00:00 0 
7f2fc4bd2000-7f2fc5352000 rwxp 00000000 00:00 0 
7f2fc5352000-7f2fd3bd2000 ---p 00000000 00:00 0 
7f2fd3bd2000-7f2fd3bec000 r-xp 00000000 08:02 3539924                    /usr/lib/jvm/java-8-oracle/jre/lib/amd64/libzip.so
7f2fd3bec000-7f2fd3dec000 ---p 0001a000 08:02 3539924                    /usr/lib/jvm/java-8-oracle/jre/lib/amd64/libzip.so
7f2fd3dec000-7f2fd3ded000 r--p 0001a000 08:02 3539924                    /usr/lib/jvm/java-8-oracle/jre/lib/amd64/libzip.so
7f2fd3ded000-7f2fd3dee000 rw-p 0001b000 08:02 3539924                    /usr/lib/jvm/java-8-oracle/jre/lib/amd64/libzip.so
7f2fd3dee000-7f2fd3df9000 r-xp 00000000 08:02 6032460                    /lib/x86_64-linux-gnu/libnss_files-2.27.so
7f2fd3df9000-7f2fd3ff8000 ---p 0000b000 08:02 6032460                    /lib/x86_64-linux-gnu/libnss_files-2.27.so
7f2fd3ff8000-7f2fd3ff9000 r--p 0000a000 08:02 6032460                    /lib/x86_64-linux-gnu/libnss_files-2.27.so
7f2fd3ff9000-7f2fd3ffa000 rw-p 0000b000 08:02 6032460                    /lib/x86_64-linux-gnu/libnss_files-2.27.so
7f2fd3ffa000-7f2fd4000000 rw-p 00000000 00:00 0 
7f2fd4000000-7f2fd51bc000 rw-p 00000000 00:00 0 
7f2fd51bc000-7f2fd8000000 ---p 00000000 00:00 0 
7f2fd8000000-7f2fd8001000 r--s 00003000 08:02 2758473                    /opt/spark-2.3.2/jars/generex-1.0.1.jar
7f2fd8001000-7f2fd8004000 r--s 0000e000 08:02 2758549                    /opt/spark-2.3.2/jars/spark-network-shuffle_2.11-2.3.2.jar
7f2fd8004000-7f2fd8008000 r--s 0002a000 08:02 2758534                    /opt/spark-2.3.2/jars/commons-io-2.4.jar
7f2fd8008000-7f2fd801e000 r--s 00124000 08:02 2758526                    /opt/spark-2.3.2/jars/ivy-2.4.0.jar
7f2fd801e000-7f2fd8094000 rw-p 00000000 00:00 0 
7f2fd8094000-7f2fd80ab000 r-xp 00000000 08:02 6032457                    /lib/x86_64-linux-gnu/libnsl-2.27.so
7f2fd80ab000-7f2fd82aa000 ---p 00017000 08:02 6032457                    /lib/x86_64-linux-gnu/libnsl-2.27.so
7f2fd82aa000-7f2fd82ab000 r--p 00016000 08:02 6032457                    /lib/x86_64-linux-gnu/libnsl-2.27.so
7f2fd82ab000-7f2fd82ac000 rw-p 00017000 08:02 6032457                    /lib/x86_64-linux-gnu/libnsl-2.27.so
7f2fd82ac000-7f2fd82ae000 rw-p 00000000 00:00 0 
7f2fd82ae000-7f2fd82b9000 r-xp 00000000 08:02 6032462                    /lib/x86_64-linux-gnu/libnss_nis-2.27.so
7f2fd82b9000-7f2fd84b8000 ---p 0000b000 08:02 6032462                    /lib/x86_64-linux-gnu/libnss_nis-2.27.so
7f2fd84b8000-7f2fd84b9000 r--p 0000a000 08:02 6032462                    /lib/x86_64-linux-gnu/libnss_nis-2.27.so
7f2fd84b9000-7f2fd84ba000 rw-p 0000b000 08:02 6032462                    /lib/x86_64-linux-gnu/libnss_nis-2.27.so
7f2fd84ba000-7f2fd84c2000 r-xp 00000000 08:02 6032458                    /lib/x86_64-linux-gnu/libnss_compat-2.27.so
7f2fd84c2000-7f2fd86c2000 ---p 00008000 08:02 6032458                    /lib/x86_64-linux-gnu/libnss_compat-2.27.so
7f2fd86c2000-7f2fd86c3000 r--p 00008000 08:02 6032458                    /lib/x86_64-linux-gnu/libnss_compat-2.27.so
7f2fd86c3000-7f2fd86c4000 rw-p 00009000 08:02 6032458                    /lib/x86_64-linux-gnu/libnss_compat-2.27.so
7f2fd86c4000-7f2fd86f1000 r-xp 00000000 08:02 3539918                    /usr/lib/jvm/java-8-oracle/jre/lib/amd64/libjava.so
7f2fd86f1000-7f2fd88f0000 ---p 0002d000 08:02 3539918                    /usr/lib/jvm/java-8-oracle/jre/lib/amd64/libjava.so
7f2fd88f0000-7f2fd88f1000 r--p 0002c000 08:02 3539918                    /usr/lib/jvm/java-8-oracle/jre/lib/amd64/libjava.so
7f2fd88f1000-7f2fd88f3000 rw-p 0002d000 08:02 3539918                    /usr/lib/jvm/java-8-oracle/jre/lib/amd64/libjava.so
7f2fd88f3000-7f2fd8900000 r-xp 00000000 08:02 3539923                    /usr/lib/jvm/java-8-oracle/jre/lib/amd64/libverify.so
7f2fd8900000-7f2fd8aff000 ---p 0000d000 08:02 3539923                    /usr/lib/jvm/java-8-oracle/jre/lib/amd64/libverify.so
7f2fd8aff000-7f2fd8b01000 r--p 0000c000 08:02 3539923                    /usr/lib/jvm/java-8-oracle/jre/lib/amd64/libverify.so
7f2fd8b01000-7f2fd8b02000 rw-p 0000e000 08:02 3539923                    /usr/lib/jvm/java-8-oracle/jre/lib/amd64/libverify.so
7f2fd8b02000-7f2fd8b09000 r-xp 00000000 08:02 6032467                    /lib/x86_64-linux-gnu/librt-2.27.so
7f2fd8b09000-7f2fd8d08000 ---p 00007000 08:02 6032467                    /lib/x86_64-linux-gnu/librt-2.27.so
7f2fd8d08000-7f2fd8d09000 r--p 00006000 08:02 6032467                    /lib/x86_64-linux-gnu/librt-2.27.so
7f2fd8d09000-7f2fd8d0a000 rw-p 00007000 08:02 6032467                    /lib/x86_64-linux-gnu/librt-2.27.so
7f2fd8d0a000-7f2fd8ea7000 r-xp 00000000 08:02 6032454                    /lib/x86_64-linux-gnu/libm-2.27.so
7f2fd8ea7000-7f2fd90a6000 ---p 0019d000 08:02 6032454                    /lib/x86_64-linux-gnu/libm-2.27.so
7f2fd90a6000-7f2fd90a7000 r--p 0019c000 08:02 6032454                    /lib/x86_64-linux-gnu/libm-2.27.so
7f2fd90a7000-7f2fd90a8000 rw-p 0019d000 08:02 6032454                    /lib/x86_64-linux-gnu/libm-2.27.so
7f2fd90a8000-7f2fd9d8a000 r-xp 00000000 08:02 3539946                    /usr/lib/jvm/java-8-oracle/jre/lib/amd64/server/libjvm.so
7f2fd9d8a000-7f2fd9f8a000 ---p 00ce2000 08:02 3539946                    /usr/lib/jvm/java-8-oracle/jre/lib/amd64/server/libjvm.so
7f2fd9f8a000-7f2fda020000 r--p 00ce2000 08:02 3539946                    /usr/lib/jvm/java-8-oracle/jre/lib/amd64/server/libjvm.so
7f2fda020000-7f2fda051000 rw-p 00d78000 08:02 3539946                    /usr/lib/jvm/java-8-oracle/jre/lib/amd64/server/libjvm.so
7f2fda051000-7f2fda08c000 rw-p 00000000 00:00 0 
7f2fda08c000-7f2fda273000 r-xp 00000000 08:02 6032450                    /lib/x86_64-linux-gnu/libc-2.27.so
7f2fda273000-7f2fda473000 ---p 001e7000 08:02 6032450                    /lib/x86_64-linux-gnu/libc-2.27.so
7f2fda473000-7f2fda477000 r--p 001e7000 08:02 6032450                    /lib/x86_64-linux-gnu/libc-2.27.so
7f2fda477000-7f2fda479000 rw-p 001eb000 08:02 6032450                    /lib/x86_64-linux-gnu/libc-2.27.so
7f2fda479000-7f2fda47d000 rw-p 00000000 00:00 0 
7f2fda47d000-7f2fda480000 r-xp 00000000 08:02 6032453                    /lib/x86_64-linux-gnu/libdl-2.27.so
7f2fda480000-7f2fda67f000 ---p 00003000 08:02 6032453                    /lib/x86_64-linux-gnu/libdl-2.27.so
7f2fda67f000-7f2fda680000 r--p 00002000 08:02 6032453                    /lib/x86_64-linux-gnu/libdl-2.27.so
7f2fda680000-7f2fda681000 rw-p 00003000 08:02 6032453                    /lib/x86_64-linux-gnu/libdl-2.27.so
7f2fda681000-7f2fda698000 r-xp 00000000 08:02 1451447                    /usr/lib/jvm/java-8-oracle/lib/amd64/jli/libjli.so
7f2fda698000-7f2fda897000 ---p 00017000 08:02 1451447                    /usr/lib/jvm/java-8-oracle/lib/amd64/jli/libjli.so
7f2fda897000-7f2fda898000 r--p 00016000 08:02 1451447                    /usr/lib/jvm/java-8-oracle/lib/amd64/jli/libjli.so
7f2fda898000-7f2fda899000 rw-p 00017000 08:02 1451447                    /usr/lib/jvm/java-8-oracle/lib/amd64/jli/libjli.so
7f2fda899000-7f2fda8b3000 r-xp 00000000 08:02 6032465                    /lib/x86_64-linux-gnu/libpthread-2.27.so
7f2fda8b3000-7f2fdaab2000 ---p 0001a000 08:02 6032465                    /lib/x86_64-linux-gnu/libpthread-2.27.so
7f2fdaab2000-7f2fdaab3000 r--p 00019000 08:02 6032465                    /lib/x86_64-linux-gnu/libpthread-2.27.so
7f2fdaab3000-7f2fdaab4000 rw-p 0001a000 08:02 6032465                    /lib/x86_64-linux-gnu/libpthread-2.27.so
7f2fdaab4000-7f2fdaab8000 rw-p 00000000 00:00 0 
7f2fdaab8000-7f2fdaadf000 r-xp 00000000 08:02 6032446                    /lib/x86_64-linux-gnu/ld-2.27.so
7f2fdaadf000-7f2fdaae0000 r--s 00003000 08:02 2758365                    /opt/spark-2.3.2/jars/spark-tags_2.11-2.3.2.jar
7f2fdaae0000-7f2fdaae4000 r--s 00035000 08:02 2758421                    /opt/spark-2.3.2/jars/jackson-core-asl-1.9.13.jar
7f2fdaae4000-7f2fdaae6000 r--s 00008000 08:02 2758379                    /opt/spark-2.3.2/jars/commons-compiler-3.0.8.jar
7f2fdaae6000-7f2fdabbf000 rw-p 00000000 00:00 0 
7f2fdabbf000-7f2fdabc0000 ---p 00000000 00:00 0 
7f2fdabc0000-7f2fdabc3000 ---p 00000000 00:00 0 
7f2fdabc3000-7f2fdacc4000 rw-p 00000000 00:00 0 
7f2fdacc4000-7f2fdacc6000 r--s 00000000 08:02 2758346                    /opt/spark-2.3.2/jars/aopalliance-1.0.jar
7f2fdacc6000-7f2fdaccd000 r--s 00058000 08:02 2758449                    /opt/spark-2.3.2/jars/hadoop-yarn-server-common-2.7.3.jar
7f2fdaccd000-7f2fdaccf000 r--s 00003000 08:02 2758514                    /opt/spark-2.3.2/jars/base64-2.3.8.jar
7f2fdaccf000-7f2fdacd1000 r--s 00005000 08:02 2758482                    /opt/spark-2.3.2/jars/javax.annotation-api-1.2.jar
7f2fdacd1000-7f2fdacd5000 r--s 00014000 08:02 2758484                    /opt/spark-2.3.2/jars/xz-1.0.jar
7f2fdacd5000-7f2fdacdd000 rw-s 00000000 08:02 7208987                    /tmp/hsperfdata_sigis/6896
7f2fdacdd000-7f2fdacde000 rw-p 00000000 00:00 0 
7f2fdacde000-7f2fdacdf000 ---p 00000000 00:00 0 
7f2fdacdf000-7f2fdace0000 r--p 00027000 08:02 6032446                    /lib/x86_64-linux-gnu/ld-2.27.so
7f2fdace0000-7f2fdace1000 rw-p 00028000 08:02 6032446                    /lib/x86_64-linux-gnu/ld-2.27.so
7f2fdace1000-7f2fdace2000 rw-p 00000000 00:00 0 
7ffe8e615000-7ffe8e637000 rw-p 00000000 00:00 0                          [stack]
7ffe8e68f000-7ffe8e692000 r--p 00000000 00:00 0                          [vvar]
7ffe8e692000-7ffe8e694000 r-xp 00000000 00:00 0                          [vdso]
ffffffffff600000-ffffffffff601000 r-xp 00000000 00:00 0                  [vsyscall]

VM Arguments:
jvm_args: -Xmx1g 
java_command: org.apache.spark.deploy.SparkSubmit pyspark-shell
java_class_path (initial): /opt/spark/conf/:/opt/spark/jars/xz-1.0.jar:/opt/spark/jars/javax.annotation-api-1.2.jar:/opt/spark/jars/base64-2.3.8.jar:/opt/spark/jars/hadoop-yarn-server-common-2.7.3.jar:/opt/spark/jars/aopalliance-1.0.jar:/opt/spark/jars/commons-compiler-3.0.8.jar:/opt/spark/jars/scala-reflect-2.11.8.jar:/opt/spark/jars/jackson-core-asl-1.9.13.jar:/opt/spark/jars/ivy-2.4.0.jar:/opt/spark/jars/commons-io-2.4.jar:/opt/spark/jars/spark-network-shuffle_2.11-2.3.2.jar:/opt/spark/jars/spark-tags_2.11-2.3.2.jar:/opt/spark/jars/hppc-0.7.2.jar:/opt/spark/jars/generex-1.0.1.jar:/opt/spark/jars/netty-all-4.1.17.Final.jar:/opt/spark/jars/spark-unsafe_2.11-2.3.2.jar:/opt/spark/jars/jaxb-api-2.2.2.jar:/opt/spark/jars/hadoop-yarn-client-2.7.3.jar:/opt/spark/jars/jersey-container-servlet-core-2.22.2.jar:/opt/spark/jars/hadoop-mapreduce-client-common-2.7.3.jar:/opt/spark/jars/arpack_combined_all-0.1.jar:/opt/spark/jars/curator-framework-2.7.1.jar:/opt/spark/jars/jsp-api-2.1.jar:/opt/spark/jars/jackson-xc-1.9.13.jar:/opt/spark/jars/stringtemplate-3.2.1.jar:/opt/spark/jars/hk2-utils-2.4.0-b34.jar:/opt/spark/jars/curator-recipes-2.7.1.jar:/opt/spark/jars/hadoop-auth-2.7.3.jar:/opt/spark/jars/jetty-util-6.1.26.jar:/opt/spark/jars/zookeeper-3.4.6.jar:/opt/spark/jars/hadoop-yarn-api-2.7.3.jar:/opt/spark/jars/activation-1.1.1.jar:/opt/spark/jars/hadoop-mapreduce-client-shuffle-2.7.3.jar:/opt/spark/jars/core-1.1.2.jar:/opt/spark/jars/jdo-api-3.0.1.jar:/opt/spark/jars/jta-1.1.jar:/opt/spark/jars/univocity-parsers-2.5.9.jar:/opt/spark/jars/commons-lang3-3.5.jar:/opt/spark/jars/javax.servlet-api-3.1.0.jar:/opt/spark/jars/okhttp-3.8.1.jar:/opt/spark/jars/jackson-annotations-2.6.7.jar:/opt/spark/jars/hadoop-mapreduce-client-core-2.7.3.jar:/opt/spark/jars/xmlenc-0.52.jar:/opt/spark/jars/logging-interceptor-3.8.1.jar:/opt/spark/jars/lz4-java-1.4.0.jar:/opt/spark/jars/spark-hive-thriftserver_2.11-2.3.2.jar:/opt/spark/jars/jackson-module-scala_2.11-2.6.7.1.jar:/opt/spark/jars/breeze
Launcher Type: SUN_STANDARD

Environment Variables:
JAVA_HOME=/usr/lib/jvm/java-8-oracle
PATH=/home/sigis/anaconda3/bin:/opt/spark/bin:/home/sigis/anaconda3/bin:/home/sigis/bin:/home/sigis/.local/bin:/usr/local/sbin:/usr/local/bin:/usr/sbin:/usr/bin:/sbin:/bin:/usr/games:/usr/local/games:/snap/bin:/usr/lib/jvm/java-8-oracle/bin:/usr/lib/jvm/java-8-oracle/db/bin:/usr/lib/jvm/java-8-oracle/jre/bin
USERNAME=sigis
SHELL=/bin/bash
DISPLAY=:0

Signal Handlers:
SIGSEGV: [libjvm.so+0xaced60], sa_mask[0]=11111111011111111101111111111110, sa_flags=SA_RESTART|SA_SIGINFO
SIGBUS: [libjvm.so+0xaced60], sa_mask[0]=11111111011111111101111111111110, sa_flags=SA_RESTART|SA_SIGINFO
SIGFPE: [libjvm.so+0x907ca0], sa_mask[0]=11111111011111111101111111111110, sa_flags=SA_RESTART|SA_SIGINFO
SIGPIPE: [libjvm.so+0x907ca0], sa_mask[0]=11111111011111111101111111111110, sa_flags=SA_RESTART|SA_SIGINFO
SIGXFSZ: [libjvm.so+0x907ca0], sa_mask[0]=11111111011111111101111111111110, sa_flags=SA_RESTART|SA_SIGINFO
SIGILL: [libjvm.so+0x907ca0], sa_mask[0]=11111111011111111101111111111110, sa_flags=SA_RESTART|SA_SIGINFO
SIGUSR1: SIG_DFL, sa_mask[0]=00000000000000000000000000000000, sa_flags=none
SIGUSR2: [libjvm.so+0x907b70], sa_mask[0]=00000000000000000000000000000000, sa_flags=SA_RESTART|SA_SIGINFO
SIGHUP: [libjvm.so+0x908190], sa_mask[0]=11111111011111111101111111111110, sa_flags=SA_RESTART|SA_SIGINFO
SIGINT: SIG_IGN, sa_mask[0]=00000000000000000000000000000000, sa_flags=none
SIGTERM: [libjvm.so+0x908190], sa_mask[0]=11111111011111111101111111111110, sa_flags=SA_RESTART|SA_SIGINFO
SIGQUIT: [libjvm.so+0x908190], sa_mask[0]=11111111011111111101111111111110, sa_flags=SA_RESTART|SA_SIGINFO


---------------  S Y S T E M  ---------------

OS:DISTRIB_ID=Ubuntu
DISTRIB_RELEASE=18.04
DISTRIB_CODENAME=bionic
DISTRIB_DESCRIPTION="Ubuntu 18.04.1 LTS"

uname:Linux 4.15.0-39-generic #42-Ubuntu SMP Tue Oct 23 15:48:01 UTC 2018 x86_64
libc:glibc 2.27 NPTL 2.27 
rlimit: STACK 8192k, CORE 0k, NPROC 14923, NOFILE 4096, AS infinity
load average:1,63 1,20 0,69

/proc/meminfo:
MemTotal:        3936600 kB
MemFree:          101516 kB
MemAvailable:      13440 kB
Buffers:             688 kB
Cached:           231068 kB
SwapCached:         6472 kB
Active:          2135656 kB
Inactive:         544740 kB
Active(anon):    2122344 kB
Inactive(anon):   526412 kB
Active(file):      13312 kB
Inactive(file):    18328 kB
Unevictable:         304 kB
Mlocked:             304 kB
SwapTotal:       4090876 kB
SwapFree:              0 kB
Dirty:               644 kB
Writeback:             0 kB
AnonPages:       2446388 kB
Mapped:           969300 kB
Shmem:            199824 kB
Slab:             111240 kB
SReclaimable:      39404 kB
SUnreclaim:        71836 kB
KernelStack:       15904 kB
PageTables:        86896 kB
NFS_Unstable:          0 kB
Bounce:                0 kB
WritebackTmp:          0 kB
CommitLimit:     6059176 kB
Committed_AS:   16656136 kB
VmallocTotal:   34359738367 kB
VmallocUsed:           0 kB
VmallocChunk:          0 kB
HardwareCorrupted:     0 kB
AnonHugePages:         0 kB
ShmemHugePages:        0 kB
ShmemPmdMapped:        0 kB
CmaTotal:              0 kB
CmaFree:               0 kB
HugePages_Total:       0
HugePages_Free:        0
HugePages_Rsvd:        0
HugePages_Surp:        0
Hugepagesize:       2048 kB
DirectMap4k:      419280 kB
DirectMap2M:     3672064 kB
DirectMap1G:           0 kB

container (cgroup) information:
container_type: cgroupv1
cpu_cpuset_cpus: 0-3
cpu_memory_nodes: 0
active_processor_count: 4
cpu_quota: -1
cpu_period: 100000
cpu_shares: -1
memory_limit_in_bytes: -1
memory_and_swap_limit_in_bytes: -2
memory_soft_limit_in_bytes: -1
memory_usage_in_bytes: 2744328192
memory_max_usage_in_bytes: 18632704


CPU:total 4 (initial active 4) (2 cores per cpu, 2 threads per core) family 6 model 78 stepping 3, cmov, cx8, fxsr, mmx, sse, sse2, sse3, ssse3, sse4.1, sse4.2, popcnt, avx, avx2, aes, clmul, erms, 3dnowpref, lzcnt, ht, tsc, tscinvbit, bmi1, bmi2, adx

/proc/cpuinfo:
processor	: 0
vendor_id	: GenuineIntel
cpu family	: 6
model		: 78
model name	: Intel(R) Core(TM) m3-6Y30 CPU @ 0.90GHz
stepping	: 3
microcode	: 0xc6
cpu MHz		: 1887.999
cache size	: 4096 KB
physical id	: 0
siblings	: 4
core id		: 0
cpu cores	: 2
apicid		: 0
initial apicid	: 0
fpu		: yes
fpu_exception	: yes
cpuid level	: 22
wp		: yes
flags		: fpu vme de pse tsc msr pae mce cx8 apic sep mtrr pge mca cmov pat pse36 clflush dts acpi mmx fxsr sse sse2 ss ht tm pbe syscall nx pdpe1gb rdtscp lm constant_tsc art arch_perfmon pebs bts rep_good nopl xtopology nonstop_tsc cpuid aperfmperf tsc_known_freq pni pclmulqdq dtes64 monitor ds_cpl vmx est tm2 ssse3 sdbg fma cx16 xtpr pdcm pcid sse4_1 sse4_2 x2apic movbe popcnt tsc_deadline_timer aes xsave avx f16c rdrand lahf_lm abm 3dnowprefetch cpuid_fault epb invpcid_single pti ssbd ibrs ibpb stibp tpr_shadow vnmi flexpriority ept vpid fsgsbase tsc_adjust bmi1 avx2 smep bmi2 erms invpcid mpx rdseed adx smap clflushopt intel_pt xsaveopt xsavec xgetbv1 xsaves dtherm ida arat pln pts hwp hwp_notify hwp_act_window hwp_epp flush_l1d
bugs		: cpu_meltdown spectre_v1 spectre_v2 spec_store_bypass l1tf
bogomips	: 3024.00
clflush size	: 64
cache_alignment	: 64
address sizes	: 39 bits physical, 48 bits virtual
power management:

processor	: 1
vendor_id	: GenuineIntel
cpu family	: 6
model		: 78
model name	: Intel(R) Core(TM) m3-6Y30 CPU @ 0.90GHz
stepping	: 3
microcode	: 0xc6
cpu MHz		: 1894.965
cache size	: 4096 KB
physical id	: 0
siblings	: 4
core id		: 1
cpu cores	: 2
apicid		: 2
initial apicid	: 2
fpu		: yes
fpu_exception	: yes
cpuid level	: 22
wp		: yes
flags		: fpu vme de pse tsc msr pae mce cx8 apic sep mtrr pge mca cmov pat pse36 clflush dts acpi mmx fxsr sse sse2 ss ht tm pbe syscall nx pdpe1gb rdtscp lm constant_tsc art arch_perfmon pebs bts rep_good nopl xtopology nonstop_tsc cpuid aperfmperf tsc_known_freq pni pclmulqdq dtes64 monitor ds_cpl vmx est tm2 ssse3 sdbg fma cx16 xtpr pdcm pcid sse4_1 sse4_2 x2apic movbe popcnt tsc_deadline_timer aes xsave avx f16c rdrand lahf_lm abm 3dnowprefetch cpuid_fault epb invpcid_single pti ssbd ibrs ibpb stibp tpr_shadow vnmi flexpriority ept vpid fsgsbase tsc_adjust bmi1 avx2 smep bmi2 erms invpcid mpx rdseed adx smap clflushopt intel_pt xsaveopt xsavec xgetbv1 xsaves dtherm ida arat pln pts hwp hwp_notify hwp_act_window hwp_epp flush_l1d
bugs		: cpu_meltdown spectre_v1 spectre_v2 spec_store_bypass l1tf
bogomips	: 3024.00
clflush size	: 64
cache_alignment	: 64
address sizes	: 39 bits physical, 48 bits virtual
power management:

processor	: 2
vendor_id	: GenuineIntel
cpu family	: 6
model		: 78
model name	: Intel(R) Core(TM) m3-6Y30 CPU @ 0.90GHz
stepping	: 3
microcode	: 0xc6
cpu MHz		: 1891.437
cache size	: 4096 KB
physical id	: 0
siblings	: 4
core id		: 0
cpu cores	: 2
apicid		: 1
initial apicid	: 1
fpu		: yes
fpu_exception	: yes
cpuid level	: 22
wp		: yes
flags		: fpu vme de pse tsc msr pae mce cx8 apic sep mtrr pge mca cmov pat pse36 clflush dts acpi mmx fxsr sse sse2 ss ht tm pbe syscall nx pdpe1gb rdtscp lm constant_tsc art arch_perfmon pebs bts rep_good nopl xtopology nonstop_tsc cpuid aperfmperf tsc_known_freq pni pclmulqdq dtes64 monitor ds_cpl vmx est tm2 ssse3 sdbg fma cx16 xtpr pdcm pcid sse4_1 sse4_2 x2apic movbe popcnt tsc_deadline_timer aes xsave avx f16c rdrand lahf_lm abm 3dnowprefetch cpuid_fault epb invpcid_single pti ssbd ibrs ibpb stibp tpr_shadow vnmi flexpriority ept vpid fsgsbase tsc_adjust bmi1 avx2 smep bmi2 erms invpcid mpx rdseed adx smap clflushopt intel_pt xsaveopt xsavec xgetbv1 xsaves dtherm ida arat pln pts hwp hwp_notify hwp_act_window hwp_epp flush_l1d
bugs		: cpu_meltdown spectre_v1 spectre_v2 spec_store_bypass l1tf
bogomips	: 3024.00
clflush size	: 64
cache_alignment	: 64
address sizes	: 39 bits physical, 48 bits virtual
power management:

processor	: 3
vendor_id	: GenuineIntel
cpu family	: 6
model		: 78
model name	: Intel(R) Core(TM) m3-6Y30 CPU @ 0.90GHz
stepping	: 3
microcode	: 0xc6
cpu MHz		: 1900.813
cache size	: 4096 KB
physical id	: 0
siblings	: 4
core id		: 1
cpu cores	: 2
apicid		: 3
initial apicid	: 3
fpu		: yes
fpu_exception	: yes
cpuid level	: 22
wp		: yes
flags		: fpu vme de pse tsc msr pae mce cx8 apic sep mtrr pge mca cmov pat pse36 clflush dts acpi mmx fxsr sse sse2 ss ht tm pbe syscall nx pdpe1gb rdtscp lm constant_tsc art arch_perfmon pebs bts rep_good nopl xtopology nonstop_tsc cpuid aperfmperf tsc_known_freq pni pclmulqdq dtes64 monitor ds_cpl vmx est tm2 ssse3 sdbg fma cx16 xtpr pdcm pcid sse4_1 sse4_2 x2apic movbe popcnt tsc_deadline_timer aes xsave avx f16c rdrand lahf_lm abm 3dnowprefetch cpuid_fault epb invpcid_single pti ssbd ibrs ibpb stibp tpr_shadow vnmi flexpriority ept vpid fsgsbase tsc_adjust bmi1 avx2 smep bmi2 erms invpcid mpx rdseed adx smap clflushopt intel_pt xsaveopt xsavec xgetbv1 xsaves dtherm ida arat pln pts hwp hwp_notify hwp_act_window hwp_epp flush_l1d
bugs		: cpu_meltdown spectre_v1 spectre_v2 spec_store_bypass l1tf
bogomips	: 3024.00
clflush size	: 64
cache_alignment	: 64
address sizes	: 39 bits physical, 48 bits virtual
power management:



Memory: 4k page, physical 3936600k(107976k free), swap 4090876k(0k free)

vm_info: Java HotSpot(TM) 64-Bit Server VM (25.191-b12) for linux-amd64 JRE (1.8.0_191-b12), built on Oct  6 2018 05:43:09 by "java_re" with gcc 7.3.0

time: Sat Dec  1 13:03:37 2018
elapsed time: 123 seconds (0d 0h 2m 3s)

